{"content": {"suites": {"0": {"status": {"total_pass": 8, "total_skip": 0, "total_xpass": 0, "total_xfail": 0, "total_rerun": 0, "total_fail": 2, "total_error": 0}, "tests": {"0": {"status": "PASS", "message": "", "test_name": "test_1", "rerun": "0"}, "1": {"status": "PASS", "message": "", "test_name": "test_2", "rerun": "0"}, "2": {"status": "PASS", "message": "", "test_name": "test_1", "rerun": "0"}, "3": {"status": "PASS", "message": "", "test_name": "test_2", "rerun": "0"}, "4": {"status": "PASS", "message": "", "test_name": "test_1", "rerun": "0"}, "5": {"status": "FAIL", "message": "   selenium.common.exceptions.ElementClickInterceptedException: Message: element click intercepted: Element <div class=\"css-ybdh0c\">...</div> is not clickable at point (440, 396). Other element would receive the click: <input autocomplete=\"off\" type=\"text\" id=\"search\" data-testid=\"search-input\" data-cy=\"search-bar-input\" placeholder=\"Ce anume cau\u021bi?\" class=\"css-1enucik\" aria-describedby=\"\" color=\"#002F34\" aria-invalid=\"false\" font-size=\"16px\" aria-labelledby=\"undefined-label\" value=\"\">\n     (Session info: chrome=108.0.5359.124)\n   Stacktrace:\n   0   chromedriver 2                      0x000000010a2792c8 chromedriver 2 + 4752072\n   1   chromedriver 2                      0x000000010a1f9463 chromedriver 2 + 4228195\n   2   chromedriver 2                      0x0000000109e5cb18 chromedriver 2 + 441112\n   3   chromedriver 2                      0x0000000109ea1c9b chromedriver 2 + 724123\n   4   chromedriver 2                      0x0000000109e9f49d chromedriver 2 + 713885\n   5   chromedriver 2                      0x0000000109e9c9e4 chromedriver 2 + 702948\n   6   chromedriver 2                      0x0000000109e9b73d chromedriver 2 + 698173\n   7   chromedriver 2                      0x0000000109e8df01 chromedriver 2 + 642817\n   8   chromedriver 2                      0x0000000109ebad02 chromedriver 2 + 826626\n   9   chromedriver 2                      0x0000000109e8d685 chromedriver 2 + 640645\n   10  chromedriver 2                      0x0000000109ebae5e chromedriver 2 + 826974\n   11  chromedriver 2                      0x0000000109ed3134 chromedriver 2 + 926004\n   12  chromedriver 2                      0x0000000109ebab33 chromedriver 2 + 826163\n   13  chromedriver 2                      0x0000000109e8b9fd chromedriver 2 + 633341\n   14  chromedriver 2                      0x0000000109e8d051 chromedriver 2 + 639057\n   15  chromedriver 2                      0x000000010a24630e chromedriver 2 + 4543246\n   16  chromedriver 2                      0x000000010a24aa88 chromedriver 2 + 4561544\n   17  chromedriver 2                      0x000000010a2526df chromedriver 2 + 4593375\n   18  chromedriver 2                      0x000000010a24b8fa chromedriver 2 + 4565242\n   19  chromedriver 2                      0x000000010a2212cf chromedriver 2 + 4391631\n   20  chromedriver 2                      0x000000010a26a5b8 chromedriver 2 + 4691384\n   21  chromedriver 2                      0x000000010a26a739 chromedriver 2 + 4691769\n   22  chromedriver 2                      0x000000010a28081e chromedriver 2 + 4782110\n   23  libsystem_pthread.dylib             0x00007fff5d606661 _pthread_body + 340\n   24  libsystem_pthread.dylib             0x00007fff5d60650d _pthread_body + 0\n   25  libsystem_pthread.dylib             0x00007fff5d605bf9 thread_start + 13\n", "test_name": "test_2", "rerun": "0"}, "6": {"status": "PASS", "message": "", "test_name": "test_1", "rerun": "0"}, "7": {"status": "PASS", "message": "", "test_name": "test_2", "rerun": "0"}, "8": {"status": "PASS", "message": "", "test_name": "test_1", "rerun": "0"}, "9": {"status": "FAIL", "message": "   selenium.common.exceptions.TimeoutException: Message: \n   Stacktrace:\n   0   chromedriver 2                      0x000000010c99b2c8 chromedriver 2 + 4752072\n   1   chromedriver 2                      0x000000010c91b463 chromedriver 2 + 4228195\n   2   chromedriver 2                      0x000000010c57eb18 chromedriver 2 + 441112\n   3   chromedriver 2                      0x000000010c5bbe21 chromedriver 2 + 691745\n   4   chromedriver 2                      0x000000010c5bc061 chromedriver 2 + 692321\n   5   chromedriver 2                      0x000000010c5f75e4 chromedriver 2 + 935396\n   6   chromedriver 2                      0x000000010c5dcd2d chromedriver 2 + 826669\n   7   chromedriver 2                      0x000000010c5f5134 chromedriver 2 + 926004\n   8   chromedriver 2                      0x000000010c5dcb33 chromedriver 2 + 826163\n   9   chromedriver 2                      0x000000010c5ad9fd chromedriver 2 + 633341\n   10  chromedriver 2                      0x000000010c5af051 chromedriver 2 + 639057\n   11  chromedriver 2                      0x000000010c96830e chromedriver 2 + 4543246\n   12  chromedriver 2                      0x000000010c96ca88 chromedriver 2 + 4561544\n   13  chromedriver 2                      0x000000010c9746df chromedriver 2 + 4593375\n   14  chromedriver 2                      0x000000010c96d8fa chromedriver 2 + 4565242\n   15  chromedriver 2                      0x000000010c9432cf chromedriver 2 + 4391631\n   16  chromedriver 2                      0x000000010c98c5b8 chromedriver 2 + 4691384\n   17  chromedriver 2                      0x000000010c98c739 chromedriver 2 + 4691769\n   18  chromedriver 2                      0x000000010c9a281e chromedriver 2 + 4782110\n   19  libsystem_pthread.dylib             0x00007fff5d606661 _pthread_body + 340\n   20  libsystem_pthread.dylib             0x00007fff5d60650d _pthread_body + 0\n   21  libsystem_pthread.dylib             0x00007fff5d605bf9 thread_start + 13\n               Exception: An exception of type TimeoutException occurred. With Element -: stare - locator: (xpath, //div[@title='Utilizat'])\n", "test_name": "test_2", "rerun": "0"}}, "suite_name": "src/test/test_olx.py"}}}, "date": "December 27, 2022", "start_time": 1672133235.131399, "total_suite": 1, "status": "FAIL", "status_list": {"pass": "8", "fail": "2", "skip": "0", "error": "0", "xpass": "0", "xfail": "0", "rerun": "0"}, "total_tests": "10"}