{"content": {"suites": {"0": {"status": {"total_pass": 0, "total_skip": 0, "total_xpass": 0, "total_xfail": 0, "total_rerun": 0, "total_fail": 1, "total_error": 0}, "tests": {"0": {"status": "FAIL", "message": "   selenium.common.exceptions.TimeoutException: Message: \n   Stacktrace:\n   0   chromedriver                        0x000000010eb6f149 chromedriver + 4469065\n   1   chromedriver                        0x000000010eaf9233 chromedriver + 3985971\n   2   chromedriver                        0x000000010e78ffe8 chromedriver + 409576\n   3   chromedriver                        0x000000010e7c61d8 chromedriver + 631256\n   4   chromedriver                        0x000000010e7c6451 chromedriver + 631889\n   5   chromedriver                        0x000000010e7f88f4 chromedriver + 837876\n   6   chromedriver                        0x000000010e7e3c8d chromedriver + 752781\n   7   chromedriver                        0x000000010e7f6611 chromedriver + 828945\n   8   chromedriver                        0x000000010e7e3b53 chromedriver + 752467\n   9   chromedriver                        0x000000010e7b9905 chromedriver + 579845\n   10  chromedriver                        0x000000010e7ba955 chromedriver + 584021\n   11  chromedriver                        0x000000010eb406ad chromedriver + 4277933\n   12  chromedriver                        0x000000010eb44b3a chromedriver + 4295482\n   13  chromedriver                        0x000000010eb49cdf chromedriver + 4316383\n   14  chromedriver                        0x000000010eb45857 chromedriver + 4298839\n   15  chromedriver                        0x000000010eb1e64f chromedriver + 4138575\n   16  chromedriver                        0x000000010eb601f8 chromedriver + 4407800\n   17  chromedriver                        0x000000010eb6037f chromedriver + 4408191\n   18  chromedriver                        0x000000010eb76cb5 chromedriver + 4500661\n   19  libsystem_pthread.dylib             0x00007fff66a4f661 _pthread_body + 340\n   20  libsystem_pthread.dylib             0x00007fff66a4f50d _pthread_body + 0\n   21  libsystem_pthread.dylib             0x00007fff66a4ebf9 thread_start + 13\n               Exception: An exception of type TimeoutException occurred. With Element -: submit - locator: (id, register-button)\n", "test_name": "test_1", "rerun": "0"}}, "suite_name": "src/test/test_olx.py"}}}, "date": "October 05, 2022", "start_time": 1664966864.229408, "total_suite": 1, "status": "FAIL", "status_list": {"pass": "0", "fail": "1", "skip": "0", "error": "0", "xpass": "0", "xfail": "0", "rerun": "0"}, "total_tests": "1"}