{"content": {"suites": {"0": {"status": {"total_pass": 1, "total_skip": 0, "total_xpass": 0, "total_xfail": 0, "total_rerun": 0, "total_fail": 2, "total_error": 0}, "tests": {"0": {"status": "FAIL", "message": "   selenium.common.exceptions.TimeoutException: Message: \n   Stacktrace:\n   0   chromedriver 2                      0x0000000107e352c8 chromedriver 2 + 4752072\n   1   chromedriver 2                      0x0000000107db5463 chromedriver 2 + 4228195\n   2   chromedriver 2                      0x0000000107a18b18 chromedriver 2 + 441112\n   3   chromedriver 2                      0x0000000107a55e21 chromedriver 2 + 691745\n   4   chromedriver 2                      0x0000000107a56061 chromedriver 2 + 692321\n   5   chromedriver 2                      0x0000000107a915e4 chromedriver 2 + 935396\n   6   chromedriver 2                      0x0000000107a76d2d chromedriver 2 + 826669\n   7   chromedriver 2                      0x0000000107a8f134 chromedriver 2 + 926004\n   8   chromedriver 2                      0x0000000107a76b33 chromedriver 2 + 826163\n   9   chromedriver 2                      0x0000000107a479fd chromedriver 2 + 633341\n   10  chromedriver 2                      0x0000000107a49051 chromedriver 2 + 639057\n   11  chromedriver 2                      0x0000000107e0230e chromedriver 2 + 4543246\n   12  chromedriver 2                      0x0000000107e06a88 chromedriver 2 + 4561544\n   13  chromedriver 2                      0x0000000107e0e6df chromedriver 2 + 4593375\n   14  chromedriver 2                      0x0000000107e078fa chromedriver 2 + 4565242\n   15  chromedriver 2                      0x0000000107ddd2cf chromedriver 2 + 4391631\n   16  chromedriver 2                      0x0000000107e265b8 chromedriver 2 + 4691384\n   17  chromedriver 2                      0x0000000107e26739 chromedriver 2 + 4691769\n   18  chromedriver 2                      0x0000000107e3c81e chromedriver 2 + 4782110\n   19  libsystem_pthread.dylib             0x00007fff555bf661 _pthread_body + 340\n   20  libsystem_pthread.dylib             0x00007fff555bf50d _pthread_body + 0\n   21  libsystem_pthread.dylib             0x00007fff555bebf9 thread_start + 13\n               Exception: An exception of type TimeoutException occurred. With Element -: myaccount - locator: (xpath, //a[@class='css-12l1k7f'])\n", "test_name": "test_1", "rerun": "0"}, "1": {"status": "FAIL", "message": "   selenium.common.exceptions.TimeoutException: Message: \n   Stacktrace:\n   0   chromedriver 2                      0x0000000107e352c8 chromedriver 2 + 4752072\n   1   chromedriver 2                      0x0000000107db5463 chromedriver 2 + 4228195\n   2   chromedriver 2                      0x0000000107a18b18 chromedriver 2 + 441112\n   3   chromedriver 2                      0x0000000107a55e21 chromedriver 2 + 691745\n   4   chromedriver 2                      0x0000000107a56061 chromedriver 2 + 692321\n   5   chromedriver 2                      0x0000000107a915e4 chromedriver 2 + 935396\n   6   chromedriver 2                      0x0000000107a76d2d chromedriver 2 + 826669\n   7   chromedriver 2                      0x0000000107a8f134 chromedriver 2 + 926004\n   8   chromedriver 2                      0x0000000107a76b33 chromedriver 2 + 826163\n   9   chromedriver 2                      0x0000000107a479fd chromedriver 2 + 633341\n   10  chromedriver 2                      0x0000000107a49051 chromedriver 2 + 639057\n   11  chromedriver 2                      0x0000000107e0230e chromedriver 2 + 4543246\n   12  chromedriver 2                      0x0000000107e06a88 chromedriver 2 + 4561544\n   13  chromedriver 2                      0x0000000107e0e6df chromedriver 2 + 4593375\n   14  chromedriver 2                      0x0000000107e078fa chromedriver 2 + 4565242\n   15  chromedriver 2                      0x0000000107ddd2cf chromedriver 2 + 4391631\n   16  chromedriver 2                      0x0000000107e265b8 chromedriver 2 + 4691384\n   17  chromedriver 2                      0x0000000107e26739 chromedriver 2 + 4691769\n   18  chromedriver 2                      0x0000000107e3c81e chromedriver 2 + 4782110\n   19  libsystem_pthread.dylib             0x00007fff555bf661 _pthread_body + 340\n   20  libsystem_pthread.dylib             0x00007fff555bf50d _pthread_body + 0\n   21  libsystem_pthread.dylib             0x00007fff555bebf9 thread_start + 13\n               Exception: An exception of type TimeoutException occurred. With Element -: account - locator: (xpath, //div[@class='css-1mzzuk6'])\n", "test_name": "test_2", "rerun": "0"}, "2": {"status": "PASS", "message": "", "test_name": "test_1", "rerun": "0"}}, "suite_name": "src/test/test_olx.py"}}}, "date": "December 23, 2022", "start_time": 1671813185.359148, "total_suite": 1, "status": "FAIL", "status_list": {"pass": "1", "fail": "2", "skip": "0", "error": "0", "xpass": "0", "xfail": "0", "rerun": "0"}, "total_tests": "3"}