{"content": {"suites": {"0": {"status": {"total_pass": 7, "total_skip": 0, "total_xpass": 0, "total_xfail": 0, "total_rerun": 0, "total_fail": 3, "total_error": 0}, "tests": {"0": {"status": "PASS", "message": "", "test_name": "test_1", "rerun": "0"}, "1": {"status": "PASS", "message": "", "test_name": "test_2", "rerun": "0"}, "2": {"status": "PASS", "message": "", "test_name": "test_1", "rerun": "0"}, "3": {"status": "FAIL", "message": "   selenium.common.exceptions.ElementClickInterceptedException: Message: element click intercepted: Element <a data-id=\"84\" data-category-id=\"5\" href=\"https://www.olx.ro/auto-masini-moto-ambarcatiuni/autoturisme/\" class=\"link-relatedcategory cat-5 inlblk tdnone icon-link\">...</a> is not clickable at point (284, 526). Other element would receive the click: <div class=\"subcategories-list clr\" style=\"\" data-subcategory=\"5\" id=\"bottom5\">...</div>\n     (Session info: chrome=108.0.5359.124)\n   Stacktrace:\n   0   chromedriver 2                      0x000000010055e2c8 chromedriver 2 + 4752072\n   1   chromedriver 2                      0x00000001004de463 chromedriver 2 + 4228195\n   2   chromedriver 2                      0x0000000100141b18 chromedriver 2 + 441112\n   3   chromedriver 2                      0x0000000100186c9b chromedriver 2 + 724123\n   4   chromedriver 2                      0x000000010018449d chromedriver 2 + 713885\n   5   chromedriver 2                      0x00000001001819e4 chromedriver 2 + 702948\n   6   chromedriver 2                      0x000000010018073d chromedriver 2 + 698173\n   7   chromedriver 2                      0x0000000100172f01 chromedriver 2 + 642817\n   8   chromedriver 2                      0x000000010019fd02 chromedriver 2 + 826626\n   9   chromedriver 2                      0x0000000100172685 chromedriver 2 + 640645\n   10  chromedriver 2                      0x000000010019fe5e chromedriver 2 + 826974\n   11  chromedriver 2                      0x00000001001b8134 chromedriver 2 + 926004\n   12  chromedriver 2                      0x000000010019fb33 chromedriver 2 + 826163\n   13  chromedriver 2                      0x00000001001709fd chromedriver 2 + 633341\n   14  chromedriver 2                      0x0000000100172051 chromedriver 2 + 639057\n   15  chromedriver 2                      0x000000010052b30e chromedriver 2 + 4543246\n   16  chromedriver 2                      0x000000010052fa88 chromedriver 2 + 4561544\n   17  chromedriver 2                      0x00000001005376df chromedriver 2 + 4593375\n   18  chromedriver 2                      0x00000001005308fa chromedriver 2 + 4565242\n   19  chromedriver 2                      0x00000001005062cf chromedriver 2 + 4391631\n   20  chromedriver 2                      0x000000010054f5b8 chromedriver 2 + 4691384\n   21  chromedriver 2                      0x000000010054f739 chromedriver 2 + 4691769\n   22  chromedriver 2                      0x000000010056581e chromedriver 2 + 4782110\n   23  libsystem_pthread.dylib             0x00007fff5d606661 _pthread_body + 340\n   24  libsystem_pthread.dylib             0x00007fff5d60650d _pthread_body + 0\n   25  libsystem_pthread.dylib             0x00007fff5d605bf9 thread_start + 13\n", "test_name": "test_2", "rerun": "0"}, "4": {"status": "PASS", "message": "", "test_name": "test_1", "rerun": "0"}, "5": {"status": "FAIL", "message": "   selenium.common.exceptions.ElementClickInterceptedException: Message: element click intercepted: Element <div class=\"css-ybdh0c\">...</div> is not clickable at point (440, 646). Other element would receive the click: <input type=\"checkbox\">\n     (Session info: chrome=108.0.5359.124)\n   Stacktrace:\n   0   chromedriver 2                      0x00000001027ec2c8 chromedriver 2 + 4752072\n   1   chromedriver 2                      0x000000010276c463 chromedriver 2 + 4228195\n   2   chromedriver 2                      0x00000001023cfb18 chromedriver 2 + 441112\n   3   chromedriver 2                      0x0000000102414c9b chromedriver 2 + 724123\n   4   chromedriver 2                      0x000000010241249d chromedriver 2 + 713885\n   5   chromedriver 2                      0x000000010240f9e4 chromedriver 2 + 702948\n   6   chromedriver 2                      0x000000010240e73d chromedriver 2 + 698173\n   7   chromedriver 2                      0x0000000102400f01 chromedriver 2 + 642817\n   8   chromedriver 2                      0x000000010242dd02 chromedriver 2 + 826626\n   9   chromedriver 2                      0x0000000102400685 chromedriver 2 + 640645\n   10  chromedriver 2                      0x000000010242de5e chromedriver 2 + 826974\n   11  chromedriver 2                      0x0000000102446134 chromedriver 2 + 926004\n   12  chromedriver 2                      0x000000010242db33 chromedriver 2 + 826163\n   13  chromedriver 2                      0x00000001023fe9fd chromedriver 2 + 633341\n   14  chromedriver 2                      0x0000000102400051 chromedriver 2 + 639057\n   15  chromedriver 2                      0x00000001027b930e chromedriver 2 + 4543246\n   16  chromedriver 2                      0x00000001027bda88 chromedriver 2 + 4561544\n   17  chromedriver 2                      0x00000001027c56df chromedriver 2 + 4593375\n   18  chromedriver 2                      0x00000001027be8fa chromedriver 2 + 4565242\n   19  chromedriver 2                      0x00000001027942cf chromedriver 2 + 4391631\n   20  chromedriver 2                      0x00000001027dd5b8 chromedriver 2 + 4691384\n   21  chromedriver 2                      0x00000001027dd739 chromedriver 2 + 4691769\n   22  chromedriver 2                      0x00000001027f381e chromedriver 2 + 4782110\n   23  libsystem_pthread.dylib             0x00007fff5d606661 _pthread_body + 340\n   24  libsystem_pthread.dylib             0x00007fff5d60650d _pthread_body + 0\n   25  libsystem_pthread.dylib             0x00007fff5d605bf9 thread_start + 13\n", "test_name": "test_2", "rerun": "0"}, "6": {"status": "PASS", "message": "", "test_name": "test_1", "rerun": "0"}, "7": {"status": "PASS", "message": "", "test_name": "test_2", "rerun": "0"}, "8": {"status": "PASS", "message": "", "test_name": "test_1", "rerun": "0"}, "9": {"status": "FAIL", "message": "   selenium.common.exceptions.TimeoutException: Message: \n   Stacktrace:\n   0   chromedriver 2                      0x000000010437d2c8 chromedriver 2 + 4752072\n   1   chromedriver 2                      0x00000001042fd463 chromedriver 2 + 4228195\n   2   chromedriver 2                      0x0000000103f60b18 chromedriver 2 + 441112\n   3   chromedriver 2                      0x0000000103f9de21 chromedriver 2 + 691745\n   4   chromedriver 2                      0x0000000103f9e061 chromedriver 2 + 692321\n   5   chromedriver 2                      0x0000000103fd95e4 chromedriver 2 + 935396\n   6   chromedriver 2                      0x0000000103fbed2d chromedriver 2 + 826669\n   7   chromedriver 2                      0x0000000103fd7134 chromedriver 2 + 926004\n   8   chromedriver 2                      0x0000000103fbeb33 chromedriver 2 + 826163\n   9   chromedriver 2                      0x0000000103f8f9fd chromedriver 2 + 633341\n   10  chromedriver 2                      0x0000000103f91051 chromedriver 2 + 639057\n   11  chromedriver 2                      0x000000010434a30e chromedriver 2 + 4543246\n   12  chromedriver 2                      0x000000010434ea88 chromedriver 2 + 4561544\n   13  chromedriver 2                      0x00000001043566df chromedriver 2 + 4593375\n   14  chromedriver 2                      0x000000010434f8fa chromedriver 2 + 4565242\n   15  chromedriver 2                      0x00000001043252cf chromedriver 2 + 4391631\n   16  chromedriver 2                      0x000000010436e5b8 chromedriver 2 + 4691384\n   17  chromedriver 2                      0x000000010436e739 chromedriver 2 + 4691769\n   18  chromedriver 2                      0x000000010438481e chromedriver 2 + 4782110\n   19  libsystem_pthread.dylib             0x00007fff5d606661 _pthread_body + 340\n   20  libsystem_pthread.dylib             0x00007fff5d60650d _pthread_body + 0\n   21  libsystem_pthread.dylib             0x00007fff5d605bf9 thread_start + 13\n               Exception: An exception of type TimeoutException occurred. With Element -: stare - locator: (xpath, //div[@title='Utilizat'])\n", "test_name": "test_2", "rerun": "0"}}, "suite_name": "src/test/test_olx.py"}}}, "date": "December 27, 2022", "start_time": 1672131746.053013, "total_suite": 1, "status": "FAIL", "status_list": {"pass": "7", "fail": "3", "skip": "0", "error": "0", "xpass": "0", "xfail": "0", "rerun": "0"}, "total_tests": "10"}