{"content": {"suites": {"0": {"status": {"total_pass": 8, "total_skip": 0, "total_xpass": 0, "total_xfail": 0, "total_rerun": 0, "total_fail": 2, "total_error": 0}, "tests": {"0": {"status": "PASS", "message": "", "test_name": "test_1", "rerun": "0"}, "1": {"status": "PASS", "message": "", "test_name": "test_2", "rerun": "0"}, "2": {"status": "PASS", "message": "", "test_name": "test_1", "rerun": "0"}, "3": {"status": "PASS", "message": "", "test_name": "test_2", "rerun": "0"}, "4": {"status": "PASS", "message": "", "test_name": "test_1", "rerun": "0"}, "5": {"status": "FAIL", "message": "   selenium.common.exceptions.TimeoutException: Message: \n   Stacktrace:\n   0   chromedriver 2                      0x0000000103fd42c8 chromedriver 2 + 4752072\n   1   chromedriver 2                      0x0000000103f54463 chromedriver 2 + 4228195\n   2   chromedriver 2                      0x0000000103bb7b18 chromedriver 2 + 441112\n   3   chromedriver 2                      0x0000000103bf4e21 chromedriver 2 + 691745\n   4   chromedriver 2                      0x0000000103bf5061 chromedriver 2 + 692321\n   5   chromedriver 2                      0x0000000103c305e4 chromedriver 2 + 935396\n   6   chromedriver 2                      0x0000000103c15d2d chromedriver 2 + 826669\n   7   chromedriver 2                      0x0000000103c2e134 chromedriver 2 + 926004\n   8   chromedriver 2                      0x0000000103c15b33 chromedriver 2 + 826163\n   9   chromedriver 2                      0x0000000103be69fd chromedriver 2 + 633341\n   10  chromedriver 2                      0x0000000103be8051 chromedriver 2 + 639057\n   11  chromedriver 2                      0x0000000103fa130e chromedriver 2 + 4543246\n   12  chromedriver 2                      0x0000000103fa5a88 chromedriver 2 + 4561544\n   13  chromedriver 2                      0x0000000103fad6df chromedriver 2 + 4593375\n   14  chromedriver 2                      0x0000000103fa68fa chromedriver 2 + 4565242\n   15  chromedriver 2                      0x0000000103f7c2cf chromedriver 2 + 4391631\n   16  chromedriver 2                      0x0000000103fc55b8 chromedriver 2 + 4691384\n   17  chromedriver 2                      0x0000000103fc5739 chromedriver 2 + 4691769\n   18  chromedriver 2                      0x0000000103fdb81e chromedriver 2 + 4782110\n   19  libsystem_pthread.dylib             0x00007fff5d606661 _pthread_body + 340\n   20  libsystem_pthread.dylib             0x00007fff5d60650d _pthread_body + 0\n   21  libsystem_pthread.dylib             0x00007fff5d605bf9 thread_start + 13\n               Exception: An exception of type TimeoutException occurred. With Element -: utilata - locator: (xpath, /html/body/div[2]/div[1]/div[2]/form/div[3]/div[1]/div/div[3]/div/div/div[2]/div/div[2]/label/div)\n", "test_name": "test_2", "rerun": "0"}, "6": {"status": "PASS", "message": "", "test_name": "test_1", "rerun": "0"}, "7": {"status": "PASS", "message": "", "test_name": "test_2", "rerun": "0"}, "8": {"status": "PASS", "message": "", "test_name": "test_1", "rerun": "0"}, "9": {"status": "FAIL", "message": "   selenium.common.exceptions.TimeoutException: Message: \n   Stacktrace:\n   0   chromedriver 2                      0x000000010526a2c8 chromedriver 2 + 4752072\n   1   chromedriver 2                      0x00000001051ea463 chromedriver 2 + 4228195\n   2   chromedriver 2                      0x0000000104e4db18 chromedriver 2 + 441112\n   3   chromedriver 2                      0x0000000104e8ae21 chromedriver 2 + 691745\n   4   chromedriver 2                      0x0000000104e8b061 chromedriver 2 + 692321\n   5   chromedriver 2                      0x0000000104ec65e4 chromedriver 2 + 935396\n   6   chromedriver 2                      0x0000000104eabd2d chromedriver 2 + 826669\n   7   chromedriver 2                      0x0000000104ec4134 chromedriver 2 + 926004\n   8   chromedriver 2                      0x0000000104eabb33 chromedriver 2 + 826163\n   9   chromedriver 2                      0x0000000104e7c9fd chromedriver 2 + 633341\n   10  chromedriver 2                      0x0000000104e7e051 chromedriver 2 + 639057\n   11  chromedriver 2                      0x000000010523730e chromedriver 2 + 4543246\n   12  chromedriver 2                      0x000000010523ba88 chromedriver 2 + 4561544\n   13  chromedriver 2                      0x00000001052436df chromedriver 2 + 4593375\n   14  chromedriver 2                      0x000000010523c8fa chromedriver 2 + 4565242\n   15  chromedriver 2                      0x00000001052122cf chromedriver 2 + 4391631\n   16  chromedriver 2                      0x000000010525b5b8 chromedriver 2 + 4691384\n   17  chromedriver 2                      0x000000010525b739 chromedriver 2 + 4691769\n   18  chromedriver 2                      0x000000010527181e chromedriver 2 + 4782110\n   19  libsystem_pthread.dylib             0x00007fff5d606661 _pthread_body + 340\n   20  libsystem_pthread.dylib             0x00007fff5d60650d _pthread_body + 0\n   21  libsystem_pthread.dylib             0x00007fff5d605bf9 thread_start + 13\n               Exception: An exception of type TimeoutException occurred. With Element -: stare - locator: (xpath, //div[@title='Utilizat'])\n", "test_name": "test_2", "rerun": "0"}}, "suite_name": "src/test/test_olx.py"}}}, "date": "December 27, 2022", "start_time": 1672134383.9747488, "total_suite": 1, "status": "FAIL", "status_list": {"pass": "8", "fail": "2", "skip": "0", "error": "0", "xpass": "0", "xfail": "0", "rerun": "0"}, "total_tests": "10"}