{"content": {"suites": {"0": {"status": {"total_pass": 8, "total_skip": 0, "total_xpass": 0, "total_xfail": 0, "total_rerun": 0, "total_fail": 2, "total_error": 0}, "tests": {"0": {"status": "PASS", "message": "", "test_name": "test_1", "rerun": "0"}, "1": {"status": "PASS", "message": "", "test_name": "test_2", "rerun": "0"}, "2": {"status": "PASS", "message": "", "test_name": "test_1", "rerun": "0"}, "3": {"status": "FAIL", "message": "   selenium.common.exceptions.TimeoutException: Message: \n   Stacktrace:\n   0   chromedriver 2                      0x0000000106be22c8 chromedriver 2 + 4752072\n   1   chromedriver 2                      0x0000000106b62463 chromedriver 2 + 4228195\n   2   chromedriver 2                      0x00000001067c5b18 chromedriver 2 + 441112\n   3   chromedriver 2                      0x0000000106802e21 chromedriver 2 + 691745\n   4   chromedriver 2                      0x0000000106803061 chromedriver 2 + 692321\n   5   chromedriver 2                      0x000000010683e5e4 chromedriver 2 + 935396\n   6   chromedriver 2                      0x0000000106823d2d chromedriver 2 + 826669\n   7   chromedriver 2                      0x000000010683c134 chromedriver 2 + 926004\n   8   chromedriver 2                      0x0000000106823b33 chromedriver 2 + 826163\n   9   chromedriver 2                      0x00000001067f49fd chromedriver 2 + 633341\n   10  chromedriver 2                      0x00000001067f6051 chromedriver 2 + 639057\n   11  chromedriver 2                      0x0000000106baf30e chromedriver 2 + 4543246\n   12  chromedriver 2                      0x0000000106bb3a88 chromedriver 2 + 4561544\n   13  chromedriver 2                      0x0000000106bbb6df chromedriver 2 + 4593375\n   14  chromedriver 2                      0x0000000106bb48fa chromedriver 2 + 4565242\n   15  chromedriver 2                      0x0000000106b8a2cf chromedriver 2 + 4391631\n   16  chromedriver 2                      0x0000000106bd35b8 chromedriver 2 + 4691384\n   17  chromedriver 2                      0x0000000106bd3739 chromedriver 2 + 4691769\n   18  chromedriver 2                      0x0000000106be981e chromedriver 2 + 4782110\n   19  libsystem_pthread.dylib             0x00007fff555bf661 _pthread_body + 340\n   20  libsystem_pthread.dylib             0x00007fff555bf50d _pthread_body + 0\n   21  libsystem_pthread.dylib             0x00007fff555bebf9 thread_start + 13\n               Exception: An exception of type TimeoutException occurred. With Element -: categorie - locator: (xpath, //div[@class='css-12snx2d'])\n", "test_name": "test_2", "rerun": "0"}, "4": {"status": "PASS", "message": "", "test_name": "test_1", "rerun": "0"}, "5": {"status": "PASS", "message": "", "test_name": "test_2", "rerun": "0"}, "6": {"status": "PASS", "message": "", "test_name": "test_1", "rerun": "0"}, "7": {"status": "PASS", "message": "", "test_name": "test_2", "rerun": "0"}, "8": {"status": "PASS", "message": "", "test_name": "test_1", "rerun": "0"}, "9": {"status": "FAIL", "message": "   selenium.common.exceptions.TimeoutException: Message:\n               Exception: An exception of type TimeoutException occurred. With Element -: editeaza - locator: (xpath, //div/button[@data-testid='posting-preview'])\n", "test_name": "test_2", "rerun": "0"}}, "suite_name": "src/test/test_olx.py"}}}, "date": "December 26, 2022", "start_time": 1672057650.041056, "total_suite": 1, "status": "FAIL", "status_list": {"pass": "8", "fail": "2", "skip": "0", "error": "0", "xpass": "0", "xfail": "0", "rerun": "0"}, "total_tests": "10"}