{"content": {"suites": {"0": {"status": {"total_pass": 9, "total_skip": 0, "total_xpass": 0, "total_xfail": 0, "total_rerun": 0, "total_fail": 1, "total_error": 0}, "tests": {"0": {"status": "PASS", "message": "", "test_name": "test_1", "rerun": "0"}, "1": {"status": "PASS", "message": "", "test_name": "test_2", "rerun": "0"}, "2": {"status": "PASS", "message": "", "test_name": "test_1", "rerun": "0"}, "3": {"status": "PASS", "message": "", "test_name": "test_2", "rerun": "0"}, "4": {"status": "PASS", "message": "", "test_name": "test_1", "rerun": "0"}, "5": {"status": "FAIL", "message": "   selenium.common.exceptions.TimeoutException: Message: \n   Stacktrace:\n   0   chromedriver 2                      0x000000010a9fa2c8 chromedriver 2 + 4752072\n   1   chromedriver 2                      0x000000010a97a463 chromedriver 2 + 4228195\n   2   chromedriver 2                      0x000000010a5ddb18 chromedriver 2 + 441112\n   3   chromedriver 2                      0x000000010a61ae21 chromedriver 2 + 691745\n   4   chromedriver 2                      0x000000010a61b061 chromedriver 2 + 692321\n   5   chromedriver 2                      0x000000010a6565e4 chromedriver 2 + 935396\n   6   chromedriver 2                      0x000000010a63bd2d chromedriver 2 + 826669\n   7   chromedriver 2                      0x000000010a654134 chromedriver 2 + 926004\n   8   chromedriver 2                      0x000000010a63bb33 chromedriver 2 + 826163\n   9   chromedriver 2                      0x000000010a60c9fd chromedriver 2 + 633341\n   10  chromedriver 2                      0x000000010a60e051 chromedriver 2 + 639057\n   11  chromedriver 2                      0x000000010a9c730e chromedriver 2 + 4543246\n   12  chromedriver 2                      0x000000010a9cba88 chromedriver 2 + 4561544\n   13  chromedriver 2                      0x000000010a9d36df chromedriver 2 + 4593375\n   14  chromedriver 2                      0x000000010a9cc8fa chromedriver 2 + 4565242\n   15  chromedriver 2                      0x000000010a9a22cf chromedriver 2 + 4391631\n   16  chromedriver 2                      0x000000010a9eb5b8 chromedriver 2 + 4691384\n   17  chromedriver 2                      0x000000010a9eb739 chromedriver 2 + 4691769\n   18  chromedriver 2                      0x000000010aa0181e chromedriver 2 + 4782110\n   19  libsystem_pthread.dylib             0x00007fff5d606661 _pthread_body + 340\n   20  libsystem_pthread.dylib             0x00007fff5d60650d _pthread_body + 0\n   21  libsystem_pthread.dylib             0x00007fff5d605bf9 thread_start + 13\n               Exception: An exception of type TimeoutException occurred. With Element -: dropdowncamere - locator: (xpath, //div[@data-testid='dropdown-head'])\n", "test_name": "test_2", "rerun": "0"}, "6": {"status": "PASS", "message": "", "test_name": "test_1", "rerun": "0"}, "7": {"status": "PASS", "message": "", "test_name": "test_2", "rerun": "0"}, "8": {"status": "PASS", "message": "", "test_name": "test_1", "rerun": "0"}, "9": {"status": "PASS", "message": "", "test_name": "test_2", "rerun": "0"}}, "suite_name": "src/test/test_olx.py"}}}, "date": "December 27, 2022", "start_time": 1672138180.956364, "total_suite": 1, "status": "FAIL", "status_list": {"pass": "9", "fail": "1", "skip": "0", "error": "0", "xpass": "0", "xfail": "0", "rerun": "0"}, "total_tests": "10"}