{"content": {"suites": {"0": {"status": {"total_pass": 8, "total_skip": 0, "total_xpass": 0, "total_xfail": 0, "total_rerun": 0, "total_fail": 2, "total_error": 0}, "tests": {"0": {"status": "PASS", "message": "", "test_name": "test_1", "rerun": "0"}, "1": {"status": "PASS", "message": "", "test_name": "test_2", "rerun": "0"}, "2": {"status": "PASS", "message": "", "test_name": "test_1", "rerun": "0"}, "3": {"status": "PASS", "message": "", "test_name": "test_2", "rerun": "0"}, "4": {"status": "PASS", "message": "", "test_name": "test_1", "rerun": "0"}, "5": {"status": "FAIL", "message": "   selenium.common.exceptions.TimeoutException: Message: \n   Stacktrace:\n   0   chromedriver 2                      0x000000010b2dd2c8 chromedriver 2 + 4752072\n   1   chromedriver 2                      0x000000010b25d463 chromedriver 2 + 4228195\n   2   chromedriver 2                      0x000000010aec0b18 chromedriver 2 + 441112\n   3   chromedriver 2                      0x000000010aefde21 chromedriver 2 + 691745\n   4   chromedriver 2                      0x000000010aefe061 chromedriver 2 + 692321\n   5   chromedriver 2                      0x000000010af395e4 chromedriver 2 + 935396\n   6   chromedriver 2                      0x000000010af1ed2d chromedriver 2 + 826669\n   7   chromedriver 2                      0x000000010af37134 chromedriver 2 + 926004\n   8   chromedriver 2                      0x000000010af1eb33 chromedriver 2 + 826163\n   9   chromedriver 2                      0x000000010aeef9fd chromedriver 2 + 633341\n   10  chromedriver 2                      0x000000010aef1051 chromedriver 2 + 639057\n   11  chromedriver 2                      0x000000010b2aa30e chromedriver 2 + 4543246\n   12  chromedriver 2                      0x000000010b2aea88 chromedriver 2 + 4561544\n   13  chromedriver 2                      0x000000010b2b66df chromedriver 2 + 4593375\n   14  chromedriver 2                      0x000000010b2af8fa chromedriver 2 + 4565242\n   15  chromedriver 2                      0x000000010b2852cf chromedriver 2 + 4391631\n   16  chromedriver 2                      0x000000010b2ce5b8 chromedriver 2 + 4691384\n   17  chromedriver 2                      0x000000010b2ce739 chromedriver 2 + 4691769\n   18  chromedriver 2                      0x000000010b2e481e chromedriver 2 + 4782110\n   19  libsystem_pthread.dylib             0x00007fff5d606661 _pthread_body + 340\n   20  libsystem_pthread.dylib             0x00007fff5d60650d _pthread_body + 0\n   21  libsystem_pthread.dylib             0x00007fff5d605bf9 thread_start + 13\n               Exception: An exception of type TimeoutException occurred. With Element -: dropdowncamere - locator: (xpath, //div[@data-testid='dropdown-head'])\n", "test_name": "test_2", "rerun": "0"}, "6": {"status": "PASS", "message": "", "test_name": "test_1", "rerun": "0"}, "7": {"status": "PASS", "message": "", "test_name": "test_2", "rerun": "0"}, "8": {"status": "PASS", "message": "", "test_name": "test_1", "rerun": "0"}, "9": {"status": "FAIL", "message": "   selenium.common.exceptions.TimeoutException: Message: \n   Stacktrace:\n   0   chromedriver 2                      0x000000010cdfd2c8 chromedriver 2 + 4752072\n   1   chromedriver 2                      0x000000010cd7d463 chromedriver 2 + 4228195\n   2   chromedriver 2                      0x000000010c9e0b18 chromedriver 2 + 441112\n   3   chromedriver 2                      0x000000010ca1de21 chromedriver 2 + 691745\n   4   chromedriver 2                      0x000000010ca1e061 chromedriver 2 + 692321\n   5   chromedriver 2                      0x000000010ca595e4 chromedriver 2 + 935396\n   6   chromedriver 2                      0x000000010ca3ed2d chromedriver 2 + 826669\n   7   chromedriver 2                      0x000000010ca57134 chromedriver 2 + 926004\n   8   chromedriver 2                      0x000000010ca3eb33 chromedriver 2 + 826163\n   9   chromedriver 2                      0x000000010ca0f9fd chromedriver 2 + 633341\n   10  chromedriver 2                      0x000000010ca11051 chromedriver 2 + 639057\n   11  chromedriver 2                      0x000000010cdca30e chromedriver 2 + 4543246\n   12  chromedriver 2                      0x000000010cdcea88 chromedriver 2 + 4561544\n   13  chromedriver 2                      0x000000010cdd66df chromedriver 2 + 4593375\n   14  chromedriver 2                      0x000000010cdcf8fa chromedriver 2 + 4565242\n   15  chromedriver 2                      0x000000010cda52cf chromedriver 2 + 4391631\n   16  chromedriver 2                      0x000000010cdee5b8 chromedriver 2 + 4691384\n   17  chromedriver 2                      0x000000010cdee739 chromedriver 2 + 4691769\n   18  chromedriver 2                      0x000000010ce0481e chromedriver 2 + 4782110\n   19  libsystem_pthread.dylib             0x00007fff5d606661 _pthread_body + 340\n   20  libsystem_pthread.dylib             0x00007fff5d60650d _pthread_body + 0\n   21  libsystem_pthread.dylib             0x00007fff5d605bf9 thread_start + 13\n               Exception: An exception of type TimeoutException occurred. With Element -: stare - locator: (xpath, //div[@title='Utilizat'])\n", "test_name": "test_2", "rerun": "0"}}, "suite_name": "src/test/test_olx.py"}}}, "date": "December 27, 2022", "start_time": 1672131073.047779, "total_suite": 1, "status": "FAIL", "status_list": {"pass": "8", "fail": "2", "skip": "0", "error": "0", "xpass": "0", "xfail": "0", "rerun": "0"}, "total_tests": "10"}