{"content": {"suites": {"0": {"status": {"total_pass": 8, "total_skip": 0, "total_xpass": 0, "total_xfail": 0, "total_rerun": 0, "total_fail": 2, "total_error": 0}, "tests": {"0": {"status": "PASS", "message": "", "test_name": "test_1", "rerun": "0"}, "1": {"status": "PASS", "message": "", "test_name": "test_2", "rerun": "0"}, "2": {"status": "PASS", "message": "", "test_name": "test_1", "rerun": "0"}, "3": {"status": "PASS", "message": "", "test_name": "test_2", "rerun": "0"}, "4": {"status": "PASS", "message": "", "test_name": "test_1", "rerun": "0"}, "5": {"status": "FAIL", "message": "   selenium.common.exceptions.TimeoutException: Message: \n   Stacktrace:\n   0   chromedriver 2                      0x000000010622e2c8 chromedriver 2 + 4752072\n   1   chromedriver 2                      0x00000001061ae463 chromedriver 2 + 4228195\n   2   chromedriver 2                      0x0000000105e11b18 chromedriver 2 + 441112\n   3   chromedriver 2                      0x0000000105e4ee21 chromedriver 2 + 691745\n   4   chromedriver 2                      0x0000000105e4f061 chromedriver 2 + 692321\n   5   chromedriver 2                      0x0000000105e8a5e4 chromedriver 2 + 935396\n   6   chromedriver 2                      0x0000000105e6fd2d chromedriver 2 + 826669\n   7   chromedriver 2                      0x0000000105e88134 chromedriver 2 + 926004\n   8   chromedriver 2                      0x0000000105e6fb33 chromedriver 2 + 826163\n   9   chromedriver 2                      0x0000000105e409fd chromedriver 2 + 633341\n   10  chromedriver 2                      0x0000000105e42051 chromedriver 2 + 639057\n   11  chromedriver 2                      0x00000001061fb30e chromedriver 2 + 4543246\n   12  chromedriver 2                      0x00000001061ffa88 chromedriver 2 + 4561544\n   13  chromedriver 2                      0x00000001062076df chromedriver 2 + 4593375\n   14  chromedriver 2                      0x00000001062008fa chromedriver 2 + 4565242\n   15  chromedriver 2                      0x00000001061d62cf chromedriver 2 + 4391631\n   16  chromedriver 2                      0x000000010621f5b8 chromedriver 2 + 4691384\n   17  chromedriver 2                      0x000000010621f739 chromedriver 2 + 4691769\n   18  chromedriver 2                      0x000000010623581e chromedriver 2 + 4782110\n   19  libsystem_pthread.dylib             0x00007fff5d606661 _pthread_body + 340\n   20  libsystem_pthread.dylib             0x00007fff5d60650d _pthread_body + 0\n   21  libsystem_pthread.dylib             0x00007fff5d605bf9 thread_start + 13\n               Exception: An exception of type TimeoutException occurred. With Element -: utilata - locator: (xpath, /html/body/div[2]/div[1]/div[2]/form/div[3]/div[1]/div/div[3]/div/div/div[2]/div/div[2]/label/div)\n", "test_name": "test_2", "rerun": "0"}, "6": {"status": "PASS", "message": "", "test_name": "test_1", "rerun": "0"}, "7": {"status": "PASS", "message": "", "test_name": "test_2", "rerun": "0"}, "8": {"status": "PASS", "message": "", "test_name": "test_1", "rerun": "0"}, "9": {"status": "FAIL", "message": "   selenium.common.exceptions.TimeoutException: Message: \n   Stacktrace:\n   0   chromedriver 2                      0x000000010b9bc2c8 chromedriver 2 + 4752072\n   1   chromedriver 2                      0x000000010b93c463 chromedriver 2 + 4228195\n   2   chromedriver 2                      0x000000010b59fb18 chromedriver 2 + 441112\n   3   chromedriver 2                      0x000000010b5dce21 chromedriver 2 + 691745\n   4   chromedriver 2                      0x000000010b5dd061 chromedriver 2 + 692321\n   5   chromedriver 2                      0x000000010b6185e4 chromedriver 2 + 935396\n   6   chromedriver 2                      0x000000010b5fdd2d chromedriver 2 + 826669\n   7   chromedriver 2                      0x000000010b616134 chromedriver 2 + 926004\n   8   chromedriver 2                      0x000000010b5fdb33 chromedriver 2 + 826163\n   9   chromedriver 2                      0x000000010b5ce9fd chromedriver 2 + 633341\n   10  chromedriver 2                      0x000000010b5d0051 chromedriver 2 + 639057\n   11  chromedriver 2                      0x000000010b98930e chromedriver 2 + 4543246\n   12  chromedriver 2                      0x000000010b98da88 chromedriver 2 + 4561544\n   13  chromedriver 2                      0x000000010b9956df chromedriver 2 + 4593375\n   14  chromedriver 2                      0x000000010b98e8fa chromedriver 2 + 4565242\n   15  chromedriver 2                      0x000000010b9642cf chromedriver 2 + 4391631\n   16  chromedriver 2                      0x000000010b9ad5b8 chromedriver 2 + 4691384\n   17  chromedriver 2                      0x000000010b9ad739 chromedriver 2 + 4691769\n   18  chromedriver 2                      0x000000010b9c381e chromedriver 2 + 4782110\n   19  libsystem_pthread.dylib             0x00007fff5d606661 _pthread_body + 340\n   20  libsystem_pthread.dylib             0x00007fff5d60650d _pthread_body + 0\n   21  libsystem_pthread.dylib             0x00007fff5d605bf9 thread_start + 13\n               Exception: An exception of type TimeoutException occurred. With Element -: stare - locator: (xpath, //div[@title='Utilizat'])\n", "test_name": "test_2", "rerun": "0"}}, "suite_name": "src/test/test_olx.py"}}}, "date": "December 27, 2022", "start_time": 1672134164.00463, "total_suite": 1, "status": "FAIL", "status_list": {"pass": "8", "fail": "2", "skip": "0", "error": "0", "xpass": "0", "xfail": "0", "rerun": "0"}, "total_tests": "10"}