{"content": {"suites": {"0": {"status": {"total_pass": 0, "total_skip": 0, "total_xpass": 0, "total_xfail": 0, "total_rerun": 0, "total_fail": 2, "total_error": 0}, "tests": {"0": {"status": "FAIL", "message": "   selenium.common.exceptions.TimeoutException: Message: \n   Stacktrace:\n   0   chromedriver 2                      0x0000000101bbb2c8 chromedriver 2 + 4752072\n   1   chromedriver 2                      0x0000000101b3b463 chromedriver 2 + 4228195\n   2   chromedriver 2                      0x000000010179eb18 chromedriver 2 + 441112\n   3   chromedriver 2                      0x00000001017dbe21 chromedriver 2 + 691745\n   4   chromedriver 2                      0x00000001017dc061 chromedriver 2 + 692321\n   5   chromedriver 2                      0x00000001018175e4 chromedriver 2 + 935396\n   6   chromedriver 2                      0x00000001017fcd2d chromedriver 2 + 826669\n   7   chromedriver 2                      0x0000000101815134 chromedriver 2 + 926004\n   8   chromedriver 2                      0x00000001017fcb33 chromedriver 2 + 826163\n   9   chromedriver 2                      0x00000001017cd9fd chromedriver 2 + 633341\n   10  chromedriver 2                      0x00000001017cf051 chromedriver 2 + 639057\n   11  chromedriver 2                      0x0000000101b8830e chromedriver 2 + 4543246\n   12  chromedriver 2                      0x0000000101b8ca88 chromedriver 2 + 4561544\n   13  chromedriver 2                      0x0000000101b946df chromedriver 2 + 4593375\n   14  chromedriver 2                      0x0000000101b8d8fa chromedriver 2 + 4565242\n   15  chromedriver 2                      0x0000000101b632cf chromedriver 2 + 4391631\n   16  chromedriver 2                      0x0000000101bac5b8 chromedriver 2 + 4691384\n   17  chromedriver 2                      0x0000000101bac739 chromedriver 2 + 4691769\n   18  chromedriver 2                      0x0000000101bc281e chromedriver 2 + 4782110\n   19  libsystem_pthread.dylib             0x00007fff555bf661 _pthread_body + 340\n   20  libsystem_pthread.dylib             0x00007fff555bf50d _pthread_body + 0\n   21  libsystem_pthread.dylib             0x00007fff555bebf9 thread_start + 13\n               Exception: An exception of type TimeoutException occurred. With Element -: categorie - locator: (xpath, //div[@class='css-12snx2d'])\n", "test_name": "test_1", "rerun": "0"}, "1": {"status": "FAIL", "message": "   selenium.common.exceptions.TimeoutException: Message: \n   Stacktrace:\n   0   chromedriver 2                      0x0000000101bbb2c8 chromedriver 2 + 4752072\n   1   chromedriver 2                      0x0000000101b3b463 chromedriver 2 + 4228195\n   2   chromedriver 2                      0x000000010179eb18 chromedriver 2 + 441112\n   3   chromedriver 2                      0x00000001017dbe21 chromedriver 2 + 691745\n   4   chromedriver 2                      0x00000001017dc061 chromedriver 2 + 692321\n   5   chromedriver 2                      0x00000001018175e4 chromedriver 2 + 935396\n   6   chromedriver 2                      0x00000001017fcd2d chromedriver 2 + 826669\n   7   chromedriver 2                      0x0000000101815134 chromedriver 2 + 926004\n   8   chromedriver 2                      0x00000001017fcb33 chromedriver 2 + 826163\n   9   chromedriver 2                      0x00000001017cd9fd chromedriver 2 + 633341\n   10  chromedriver 2                      0x00000001017cf051 chromedriver 2 + 639057\n   11  chromedriver 2                      0x0000000101b8830e chromedriver 2 + 4543246\n   12  chromedriver 2                      0x0000000101b8ca88 chromedriver 2 + 4561544\n   13  chromedriver 2                      0x0000000101b946df chromedriver 2 + 4593375\n   14  chromedriver 2                      0x0000000101b8d8fa chromedriver 2 + 4565242\n   15  chromedriver 2                      0x0000000101b632cf chromedriver 2 + 4391631\n   16  chromedriver 2                      0x0000000101bac5b8 chromedriver 2 + 4691384\n   17  chromedriver 2                      0x0000000101bac739 chromedriver 2 + 4691769\n   18  chromedriver 2                      0x0000000101bc281e chromedriver 2 + 4782110\n   19  libsystem_pthread.dylib             0x00007fff555bf661 _pthread_body + 340\n   20  libsystem_pthread.dylib             0x00007fff555bf50d _pthread_body + 0\n   21  libsystem_pthread.dylib             0x00007fff555bebf9 thread_start + 13\n               Exception: An exception of type TimeoutException occurred. With Element -: myaccount - locator: (xpath, //a[@class='css-12l1k7f'])\n", "test_name": "test_2", "rerun": "0"}}, "suite_name": "src/test/test_olx.py"}}}, "date": "December 23, 2022", "start_time": 1671811872.55438, "total_suite": 1, "status": "FAIL", "status_list": {"pass": "0", "fail": "2", "skip": "0", "error": "0", "xpass": "0", "xfail": "0", "rerun": "0"}, "total_tests": "2"}