{"content": {"suites": {"0": {"status": {"total_pass": 8, "total_skip": 0, "total_xpass": 0, "total_xfail": 0, "total_rerun": 0, "total_fail": 2, "total_error": 0}, "tests": {"0": {"status": "PASS", "message": "", "test_name": "test_1", "rerun": "0"}, "1": {"status": "PASS", "message": "", "test_name": "test_2", "rerun": "0"}, "2": {"status": "PASS", "message": "", "test_name": "test_1", "rerun": "0"}, "3": {"status": "PASS", "message": "", "test_name": "test_2", "rerun": "0"}, "4": {"status": "PASS", "message": "", "test_name": "test_1", "rerun": "0"}, "5": {"status": "FAIL", "message": "   selenium.common.exceptions.ElementClickInterceptedException: Message: element click intercepted: Element <a data-id=\"911\" data-category-id=\"3\" href=\"https://www.olx.ro/imobiliare/case-de-vanzare/\" class=\"link-relatedcategory cat-3 inlblk tdnone icon-link\">...</a> is not clickable at point (784, 512). Other element would receive the click: <span>...</span>\n     (Session info: chrome=108.0.5359.124)\n   Stacktrace:\n   0   chromedriver 2                      0x000000010d4822c8 chromedriver 2 + 4752072\n   1   chromedriver 2                      0x000000010d402463 chromedriver 2 + 4228195\n   2   chromedriver 2                      0x000000010d065b18 chromedriver 2 + 441112\n   3   chromedriver 2                      0x000000010d0aac9b chromedriver 2 + 724123\n   4   chromedriver 2                      0x000000010d0a849d chromedriver 2 + 713885\n   5   chromedriver 2                      0x000000010d0a59e4 chromedriver 2 + 702948\n   6   chromedriver 2                      0x000000010d0a473d chromedriver 2 + 698173\n   7   chromedriver 2                      0x000000010d096f01 chromedriver 2 + 642817\n   8   chromedriver 2                      0x000000010d0c3d02 chromedriver 2 + 826626\n   9   chromedriver 2                      0x000000010d096685 chromedriver 2 + 640645\n   10  chromedriver 2                      0x000000010d0c3e5e chromedriver 2 + 826974\n   11  chromedriver 2                      0x000000010d0dc134 chromedriver 2 + 926004\n   12  chromedriver 2                      0x000000010d0c3b33 chromedriver 2 + 826163\n   13  chromedriver 2                      0x000000010d0949fd chromedriver 2 + 633341\n   14  chromedriver 2                      0x000000010d096051 chromedriver 2 + 639057\n   15  chromedriver 2                      0x000000010d44f30e chromedriver 2 + 4543246\n   16  chromedriver 2                      0x000000010d453a88 chromedriver 2 + 4561544\n   17  chromedriver 2                      0x000000010d45b6df chromedriver 2 + 4593375\n   18  chromedriver 2                      0x000000010d4548fa chromedriver 2 + 4565242\n   19  chromedriver 2                      0x000000010d42a2cf chromedriver 2 + 4391631\n   20  chromedriver 2                      0x000000010d4735b8 chromedriver 2 + 4691384\n   21  chromedriver 2                      0x000000010d473739 chromedriver 2 + 4691769\n   22  chromedriver 2                      0x000000010d48981e chromedriver 2 + 4782110\n   23  libsystem_pthread.dylib             0x00007fff5d606661 _pthread_body + 340\n   24  libsystem_pthread.dylib             0x00007fff5d60650d _pthread_body + 0\n   25  libsystem_pthread.dylib             0x00007fff5d605bf9 thread_start + 13\n", "test_name": "test_2", "rerun": "0"}, "6": {"status": "PASS", "message": "", "test_name": "test_1", "rerun": "0"}, "7": {"status": "PASS", "message": "", "test_name": "test_2", "rerun": "0"}, "8": {"status": "PASS", "message": "", "test_name": "test_1", "rerun": "0"}, "9": {"status": "FAIL", "message": "   selenium.common.exceptions.TimeoutException: Message: \n   Stacktrace:\n   0   chromedriver 2                      0x00000001100bc2c8 chromedriver 2 + 4752072\n   1   chromedriver 2                      0x000000011003c463 chromedriver 2 + 4228195\n   2   chromedriver 2                      0x000000010fc9fb18 chromedriver 2 + 441112\n   3   chromedriver 2                      0x000000010fcdce21 chromedriver 2 + 691745\n   4   chromedriver 2                      0x000000010fcdd061 chromedriver 2 + 692321\n   5   chromedriver 2                      0x000000010fd185e4 chromedriver 2 + 935396\n   6   chromedriver 2                      0x000000010fcfdd2d chromedriver 2 + 826669\n   7   chromedriver 2                      0x000000010fd16134 chromedriver 2 + 926004\n   8   chromedriver 2                      0x000000010fcfdb33 chromedriver 2 + 826163\n   9   chromedriver 2                      0x000000010fcce9fd chromedriver 2 + 633341\n   10  chromedriver 2                      0x000000010fcd0051 chromedriver 2 + 639057\n   11  chromedriver 2                      0x000000011008930e chromedriver 2 + 4543246\n   12  chromedriver 2                      0x000000011008da88 chromedriver 2 + 4561544\n   13  chromedriver 2                      0x00000001100956df chromedriver 2 + 4593375\n   14  chromedriver 2                      0x000000011008e8fa chromedriver 2 + 4565242\n   15  chromedriver 2                      0x00000001100642cf chromedriver 2 + 4391631\n   16  chromedriver 2                      0x00000001100ad5b8 chromedriver 2 + 4691384\n   17  chromedriver 2                      0x00000001100ad739 chromedriver 2 + 4691769\n   18  chromedriver 2                      0x00000001100c381e chromedriver 2 + 4782110\n   19  libsystem_pthread.dylib             0x00007fff5d606661 _pthread_body + 340\n   20  libsystem_pthread.dylib             0x00007fff5d60650d _pthread_body + 0\n   21  libsystem_pthread.dylib             0x00007fff5d605bf9 thread_start + 13\n               Exception: An exception of type TimeoutException occurred. With Element -: stare - locator: (xpath, //div[@title='Utilizat'])\n", "test_name": "test_2", "rerun": "0"}}, "suite_name": "src/test/test_olx.py"}}}, "date": "December 27, 2022", "start_time": 1672130265.8912919, "total_suite": 1, "status": "FAIL", "status_list": {"pass": "8", "fail": "2", "skip": "0", "error": "0", "xpass": "0", "xfail": "0", "rerun": "0"}, "total_tests": "10"}