{"content": {"suites": {"0": {"status": {"total_pass": 8, "total_skip": 0, "total_xpass": 0, "total_xfail": 0, "total_rerun": 0, "total_fail": 2, "total_error": 0}, "tests": {"0": {"status": "PASS", "message": "", "test_name": "test_1", "rerun": "0"}, "1": {"status": "PASS", "message": "", "test_name": "test_2", "rerun": "0"}, "2": {"status": "PASS", "message": "", "test_name": "test_1", "rerun": "0"}, "3": {"status": "PASS", "message": "", "test_name": "test_2", "rerun": "0"}, "4": {"status": "PASS", "message": "", "test_name": "test_1", "rerun": "0"}, "5": {"status": "FAIL", "message": "   selenium.common.exceptions.InvalidSelectorException: Message: invalid selector: Unable to locate an element with the xpath expression //p[css-1ukn2f9()[contains(.,'Complet')]] because of the following error:\n   SyntaxError: Failed to execute 'evaluate' on 'Document': The string '//p[css-1ukn2f9()[contains(.,'Complet')]]' is not a valid XPath expression.\n     (Session info: chrome=108.0.5359.124)\n   Stacktrace:\n   0   chromedriver 2                      0x000000010e93b2c8 chromedriver 2 + 4752072\n   1   chromedriver 2                      0x000000010e8bb463 chromedriver 2 + 4228195\n   2   chromedriver 2                      0x000000010e51eb18 chromedriver 2 + 441112\n   3   chromedriver 2                      0x000000010e5220d7 chromedriver 2 + 454871\n   4   chromedriver 2                      0x000000010e521f50 chromedriver 2 + 454480\n   5   chromedriver 2                      0x000000010e52228c chromedriver 2 + 455308\n   6   chromedriver 2                      0x000000010e55bb30 chromedriver 2 + 690992\n   7   chromedriver 2                      0x000000010e55c061 chromedriver 2 + 692321\n   8   chromedriver 2                      0x000000010e5975e4 chromedriver 2 + 935396\n   9   chromedriver 2                      0x000000010e57cd2d chromedriver 2 + 826669\n   10  chromedriver 2                      0x000000010e595134 chromedriver 2 + 926004\n   11  chromedriver 2                      0x000000010e57cb33 chromedriver 2 + 826163\n   12  chromedriver 2                      0x000000010e54d9fd chromedriver 2 + 633341\n   13  chromedriver 2                      0x000000010e54f051 chromedriver 2 + 639057\n   14  chromedriver 2                      0x000000010e90830e chromedriver 2 + 4543246\n   15  chromedriver 2                      0x000000010e90ca88 chromedriver 2 + 4561544\n   16  chromedriver 2                      0x000000010e9146df chromedriver 2 + 4593375\n   17  chromedriver 2                      0x000000010e90d8fa chromedriver 2 + 4565242\n   18  chromedriver 2                      0x000000010e8e32cf chromedriver 2 + 4391631\n   19  chromedriver 2                      0x000000010e92c5b8 chromedriver 2 + 4691384\n   20  chromedriver 2                      0x000000010e92c739 chromedriver 2 + 4691769\n   21  chromedriver 2                      0x000000010e94281e chromedriver 2 + 4782110\n   22  libsystem_pthread.dylib             0x00007fff5d606661 _pthread_body + 340\n   23  libsystem_pthread.dylib             0x00007fff5d60650d _pthread_body + 0\n   24  libsystem_pthread.dylib             0x00007fff5d605bf9 thread_start + 13\n", "test_name": "test_2", "rerun": "0"}, "6": {"status": "PASS", "message": "", "test_name": "test_1", "rerun": "0"}, "7": {"status": "PASS", "message": "", "test_name": "test_2", "rerun": "0"}, "8": {"status": "PASS", "message": "", "test_name": "test_1", "rerun": "0"}, "9": {"status": "FAIL", "message": "   selenium.common.exceptions.TimeoutException: Message: \n   Stacktrace:\n   0   chromedriver 2                      0x0000000102c8b2c8 chromedriver 2 + 4752072\n   1   chromedriver 2                      0x0000000102c0b463 chromedriver 2 + 4228195\n   2   chromedriver 2                      0x000000010286eb18 chromedriver 2 + 441112\n   3   chromedriver 2                      0x00000001028abe21 chromedriver 2 + 691745\n   4   chromedriver 2                      0x00000001028ac061 chromedriver 2 + 692321\n   5   chromedriver 2                      0x00000001028e75e4 chromedriver 2 + 935396\n   6   chromedriver 2                      0x00000001028ccd2d chromedriver 2 + 826669\n   7   chromedriver 2                      0x00000001028e5134 chromedriver 2 + 926004\n   8   chromedriver 2                      0x00000001028ccb33 chromedriver 2 + 826163\n   9   chromedriver 2                      0x000000010289d9fd chromedriver 2 + 633341\n   10  chromedriver 2                      0x000000010289f051 chromedriver 2 + 639057\n   11  chromedriver 2                      0x0000000102c5830e chromedriver 2 + 4543246\n   12  chromedriver 2                      0x0000000102c5ca88 chromedriver 2 + 4561544\n   13  chromedriver 2                      0x0000000102c646df chromedriver 2 + 4593375\n   14  chromedriver 2                      0x0000000102c5d8fa chromedriver 2 + 4565242\n   15  chromedriver 2                      0x0000000102c332cf chromedriver 2 + 4391631\n   16  chromedriver 2                      0x0000000102c7c5b8 chromedriver 2 + 4691384\n   17  chromedriver 2                      0x0000000102c7c739 chromedriver 2 + 4691769\n   18  chromedriver 2                      0x0000000102c9281e chromedriver 2 + 4782110\n   19  libsystem_pthread.dylib             0x00007fff5d606661 _pthread_body + 340\n   20  libsystem_pthread.dylib             0x00007fff5d60650d _pthread_body + 0\n   21  libsystem_pthread.dylib             0x00007fff5d605bf9 thread_start + 13\n               Exception: An exception of type TimeoutException occurred. With Element -: stare - locator: (xpath, //div[@title='Utilizat'])\n", "test_name": "test_2", "rerun": "0"}}, "suite_name": "src/test/test_olx.py"}}}, "date": "December 27, 2022", "start_time": 1672133613.9015481, "total_suite": 1, "status": "FAIL", "status_list": {"pass": "8", "fail": "2", "skip": "0", "error": "0", "xpass": "0", "xfail": "0", "rerun": "0"}, "total_tests": "10"}