{"content": {"suites": {"0": {"status": {"total_pass": 2, "total_skip": 0, "total_xpass": 0, "total_xfail": 0, "total_rerun": 0, "total_fail": 1, "total_error": 0}, "tests": {"0": {"status": "PASS", "message": "", "test_name": "test_1", "rerun": "0"}, "1": {"status": "PASS", "message": "", "test_name": "test_2", "rerun": "0"}, "2": {"status": "FAIL", "message": "   selenium.common.exceptions.TimeoutException: Message: \n   Stacktrace:\n   0   chromedriver 2                      0x000000010e05b2c8 chromedriver 2 + 4752072\n   1   chromedriver 2                      0x000000010dfdb463 chromedriver 2 + 4228195\n   2   chromedriver 2                      0x000000010dc3eb18 chromedriver 2 + 441112\n   3   chromedriver 2                      0x000000010dc7be21 chromedriver 2 + 691745\n   4   chromedriver 2                      0x000000010dc7c061 chromedriver 2 + 692321\n   5   chromedriver 2                      0x000000010dcb75e4 chromedriver 2 + 935396\n   6   chromedriver 2                      0x000000010dc9cd2d chromedriver 2 + 826669\n   7   chromedriver 2                      0x000000010dcb5134 chromedriver 2 + 926004\n   8   chromedriver 2                      0x000000010dc9cb33 chromedriver 2 + 826163\n   9   chromedriver 2                      0x000000010dc6d9fd chromedriver 2 + 633341\n   10  chromedriver 2                      0x000000010dc6f051 chromedriver 2 + 639057\n   11  chromedriver 2                      0x000000010e02830e chromedriver 2 + 4543246\n   12  chromedriver 2                      0x000000010e02ca88 chromedriver 2 + 4561544\n   13  chromedriver 2                      0x000000010e0346df chromedriver 2 + 4593375\n   14  chromedriver 2                      0x000000010e02d8fa chromedriver 2 + 4565242\n   15  chromedriver 2                      0x000000010e0032cf chromedriver 2 + 4391631\n   16  chromedriver 2                      0x000000010e04c5b8 chromedriver 2 + 4691384\n   17  chromedriver 2                      0x000000010e04c739 chromedriver 2 + 4691769\n   18  chromedriver 2                      0x000000010e06281e chromedriver 2 + 4782110\n   19  libsystem_pthread.dylib             0x00007fff555bf661 _pthread_body + 340\n   20  libsystem_pthread.dylib             0x00007fff555bf50d _pthread_body + 0\n   21  libsystem_pthread.dylib             0x00007fff555bebf9 thread_start + 13\n               Exception: An exception of type TimeoutException occurred. With Element -: categorie - locator: (xpath, //div[@class='css-12snx2d'])\n", "test_name": "test_1", "rerun": "0"}}, "suite_name": "src/test/test_olx.py"}}}, "date": "December 23, 2022", "start_time": 1671813767.966301, "total_suite": 1, "status": "FAIL", "status_list": {"pass": "2", "fail": "1", "skip": "0", "error": "0", "xpass": "0", "xfail": "0", "rerun": "0"}, "total_tests": "3"}