{"content": {"suites": {"0": {"status": {"total_pass": 8, "total_skip": 0, "total_xpass": 0, "total_xfail": 0, "total_rerun": 0, "total_fail": 2, "total_error": 0}, "tests": {"0": {"status": "PASS", "message": "", "test_name": "test_1", "rerun": "0"}, "1": {"status": "PASS", "message": "", "test_name": "test_2", "rerun": "0"}, "2": {"status": "PASS", "message": "", "test_name": "test_1", "rerun": "0"}, "3": {"status": "PASS", "message": "", "test_name": "test_2", "rerun": "0"}, "4": {"status": "PASS", "message": "", "test_name": "test_1", "rerun": "0"}, "5": {"status": "FAIL", "message": "   selenium.common.exceptions.ElementClickInterceptedException: Message: element click intercepted: Element <p class=\"css-1ukn2f9\">...</p> is not clickable at point (527, 396). Other element would receive the click: <div class=\"smcx-modal-content\">...</div>\n     (Session info: chrome=108.0.5359.124)\n   Stacktrace:\n   0   chromedriver 2                      0x000000010d1392c8 chromedriver 2 + 4752072\n   1   chromedriver 2                      0x000000010d0b9463 chromedriver 2 + 4228195\n   2   chromedriver 2                      0x000000010cd1cb18 chromedriver 2 + 441112\n   3   chromedriver 2                      0x000000010cd61c9b chromedriver 2 + 724123\n   4   chromedriver 2                      0x000000010cd5f49d chromedriver 2 + 713885\n   5   chromedriver 2                      0x000000010cd5c9e4 chromedriver 2 + 702948\n   6   chromedriver 2                      0x000000010cd5b73d chromedriver 2 + 698173\n   7   chromedriver 2                      0x000000010cd4df01 chromedriver 2 + 642817\n   8   chromedriver 2                      0x000000010cd7ad02 chromedriver 2 + 826626\n   9   chromedriver 2                      0x000000010cd4d685 chromedriver 2 + 640645\n   10  chromedriver 2                      0x000000010cd7ae5e chromedriver 2 + 826974\n   11  chromedriver 2                      0x000000010cd93134 chromedriver 2 + 926004\n   12  chromedriver 2                      0x000000010cd7ab33 chromedriver 2 + 826163\n   13  chromedriver 2                      0x000000010cd4b9fd chromedriver 2 + 633341\n   14  chromedriver 2                      0x000000010cd4d051 chromedriver 2 + 639057\n   15  chromedriver 2                      0x000000010d10630e chromedriver 2 + 4543246\n   16  chromedriver 2                      0x000000010d10aa88 chromedriver 2 + 4561544\n   17  chromedriver 2                      0x000000010d1126df chromedriver 2 + 4593375\n   18  chromedriver 2                      0x000000010d10b8fa chromedriver 2 + 4565242\n   19  chromedriver 2                      0x000000010d0e12cf chromedriver 2 + 4391631\n   20  chromedriver 2                      0x000000010d12a5b8 chromedriver 2 + 4691384\n   21  chromedriver 2                      0x000000010d12a739 chromedriver 2 + 4691769\n   22  chromedriver 2                      0x000000010d14081e chromedriver 2 + 4782110\n   23  libsystem_pthread.dylib             0x00007fff555bf661 _pthread_body + 340\n   24  libsystem_pthread.dylib             0x00007fff555bf50d _pthread_body + 0\n   25  libsystem_pthread.dylib             0x00007fff555bebf9 thread_start + 13\n", "test_name": "test_2", "rerun": "0"}, "6": {"status": "PASS", "message": "", "test_name": "test_1", "rerun": "0"}, "7": {"status": "PASS", "message": "", "test_name": "test_2", "rerun": "0"}, "8": {"status": "PASS", "message": "", "test_name": "test_1", "rerun": "0"}, "9": {"status": "FAIL", "message": "   selenium.common.exceptions.TimeoutException: Message: \n   Stacktrace:\n   0   chromedriver 2                      0x0000000104ff42c8 chromedriver 2 + 4752072\n   1   chromedriver 2                      0x0000000104f74463 chromedriver 2 + 4228195\n   2   chromedriver 2                      0x0000000104bd7b18 chromedriver 2 + 441112\n   3   chromedriver 2                      0x0000000104c14e21 chromedriver 2 + 691745\n   4   chromedriver 2                      0x0000000104c15061 chromedriver 2 + 692321\n   5   chromedriver 2                      0x0000000104c505e4 chromedriver 2 + 935396\n   6   chromedriver 2                      0x0000000104c35d2d chromedriver 2 + 826669\n   7   chromedriver 2                      0x0000000104c4e134 chromedriver 2 + 926004\n   8   chromedriver 2                      0x0000000104c35b33 chromedriver 2 + 826163\n   9   chromedriver 2                      0x0000000104c069fd chromedriver 2 + 633341\n   10  chromedriver 2                      0x0000000104c08051 chromedriver 2 + 639057\n   11  chromedriver 2                      0x0000000104fc130e chromedriver 2 + 4543246\n   12  chromedriver 2                      0x0000000104fc5a88 chromedriver 2 + 4561544\n   13  chromedriver 2                      0x0000000104fcd6df chromedriver 2 + 4593375\n   14  chromedriver 2                      0x0000000104fc68fa chromedriver 2 + 4565242\n   15  chromedriver 2                      0x0000000104f9c2cf chromedriver 2 + 4391631\n   16  chromedriver 2                      0x0000000104fe55b8 chromedriver 2 + 4691384\n   17  chromedriver 2                      0x0000000104fe5739 chromedriver 2 + 4691769\n   18  chromedriver 2                      0x0000000104ffb81e chromedriver 2 + 4782110\n   19  libsystem_pthread.dylib             0x00007fff555bf661 _pthread_body + 340\n   20  libsystem_pthread.dylib             0x00007fff555bf50d _pthread_body + 0\n   21  libsystem_pthread.dylib             0x00007fff555bebf9 thread_start + 13\n               Exception: An exception of type TimeoutException occurred. With Element -: descriereobiect - locator: (xpath, //div[@placeholder='ex.: iPhone 11, \u00eenc\u0103 \u00een garan\u021bie'])\n", "test_name": "test_2", "rerun": "0"}}, "suite_name": "src/test/test_olx.py"}}}, "date": "December 25, 2022", "start_time": 1671951356.8087628, "total_suite": 1, "status": "FAIL", "status_list": {"pass": "8", "fail": "2", "skip": "0", "error": "0", "xpass": "0", "xfail": "0", "rerun": "0"}, "total_tests": "10"}