{"content": {"suites": {"0": {"status": {"total_pass": 8, "total_skip": 0, "total_xpass": 0, "total_xfail": 0, "total_rerun": 0, "total_fail": 2, "total_error": 0}, "tests": {"0": {"status": "PASS", "message": "", "test_name": "test_1", "rerun": "0"}, "1": {"status": "PASS", "message": "", "test_name": "test_2", "rerun": "0"}, "2": {"status": "PASS", "message": "", "test_name": "test_1", "rerun": "0"}, "3": {"status": "FAIL", "message": "   selenium.common.exceptions.ElementClickInterceptedException: Message: element click intercepted: Element <a data-id=\"84\" data-category-id=\"5\" href=\"https://www.olx.ro/auto-masini-moto-ambarcatiuni/autoturisme/\" class=\"link-relatedcategory cat-5 inlblk tdnone icon-link\">...</a> is not clickable at point (284, 10). Other element would receive the click: <div class=\"wrapper clr rel\">...</div>\n     (Session info: chrome=108.0.5359.124)\n   Stacktrace:\n   0   chromedriver 2                      0x00000001027732c8 chromedriver 2 + 4752072\n   1   chromedriver 2                      0x00000001026f3463 chromedriver 2 + 4228195\n   2   chromedriver 2                      0x0000000102356b18 chromedriver 2 + 441112\n   3   chromedriver 2                      0x000000010239bc9b chromedriver 2 + 724123\n   4   chromedriver 2                      0x000000010239949d chromedriver 2 + 713885\n   5   chromedriver 2                      0x00000001023969e4 chromedriver 2 + 702948\n   6   chromedriver 2                      0x000000010239573d chromedriver 2 + 698173\n   7   chromedriver 2                      0x0000000102387f01 chromedriver 2 + 642817\n   8   chromedriver 2                      0x00000001023b4d02 chromedriver 2 + 826626\n   9   chromedriver 2                      0x0000000102387685 chromedriver 2 + 640645\n   10  chromedriver 2                      0x00000001023b4e5e chromedriver 2 + 826974\n   11  chromedriver 2                      0x00000001023cd134 chromedriver 2 + 926004\n   12  chromedriver 2                      0x00000001023b4b33 chromedriver 2 + 826163\n   13  chromedriver 2                      0x00000001023859fd chromedriver 2 + 633341\n   14  chromedriver 2                      0x0000000102387051 chromedriver 2 + 639057\n   15  chromedriver 2                      0x000000010274030e chromedriver 2 + 4543246\n   16  chromedriver 2                      0x0000000102744a88 chromedriver 2 + 4561544\n   17  chromedriver 2                      0x000000010274c6df chromedriver 2 + 4593375\n   18  chromedriver 2                      0x00000001027458fa chromedriver 2 + 4565242\n   19  chromedriver 2                      0x000000010271b2cf chromedriver 2 + 4391631\n   20  chromedriver 2                      0x00000001027645b8 chromedriver 2 + 4691384\n   21  chromedriver 2                      0x0000000102764739 chromedriver 2 + 4691769\n   22  chromedriver 2                      0x000000010277a81e chromedriver 2 + 4782110\n   23  libsystem_pthread.dylib             0x00007fff555bf661 _pthread_body + 340\n   24  libsystem_pthread.dylib             0x00007fff555bf50d _pthread_body + 0\n   25  libsystem_pthread.dylib             0x00007fff555bebf9 thread_start + 13\n", "test_name": "test_2", "rerun": "0"}, "4": {"status": "PASS", "message": "", "test_name": "test_1", "rerun": "0"}, "5": {"status": "PASS", "message": "", "test_name": "test_2", "rerun": "0"}, "6": {"status": "PASS", "message": "", "test_name": "test_1", "rerun": "0"}, "7": {"status": "PASS", "message": "", "test_name": "test_2", "rerun": "0"}, "8": {"status": "PASS", "message": "", "test_name": "test_1", "rerun": "0"}, "9": {"status": "FAIL", "message": "   selenium.common.exceptions.ElementNotInteractableException: Message: element not interactable\n     (Session info: chrome=108.0.5359.124)\n   Stacktrace:\n   0   chromedriver 2                      0x00000001013e22c8 chromedriver 2 + 4752072\n   1   chromedriver 2                      0x0000000101362463 chromedriver 2 + 4228195\n   2   chromedriver 2                      0x0000000100fc598a chromedriver 2 + 440714\n   3   chromedriver 2                      0x0000000100ffc3dd chromedriver 2 + 664541\n   4   chromedriver 2                      0x0000000100ffb928 chromedriver 2 + 661800\n   5   chromedriver 2                      0x0000000101023d02 chromedriver 2 + 826626\n   6   chromedriver 2                      0x0000000100ff6685 chromedriver 2 + 640645\n   7   chromedriver 2                      0x0000000101023e5e chromedriver 2 + 826974\n   8   chromedriver 2                      0x000000010103c134 chromedriver 2 + 926004\n   9   chromedriver 2                      0x0000000101023b33 chromedriver 2 + 826163\n   10  chromedriver 2                      0x0000000100ff49fd chromedriver 2 + 633341\n   11  chromedriver 2                      0x0000000100ff6051 chromedriver 2 + 639057\n   12  chromedriver 2                      0x00000001013af30e chromedriver 2 + 4543246\n   13  chromedriver 2                      0x00000001013b3a88 chromedriver 2 + 4561544\n   14  chromedriver 2                      0x00000001013bb6df chromedriver 2 + 4593375\n   15  chromedriver 2                      0x00000001013b48fa chromedriver 2 + 4565242\n   16  chromedriver 2                      0x000000010138a2cf chromedriver 2 + 4391631\n   17  chromedriver 2                      0x00000001013d35b8 chromedriver 2 + 4691384\n   18  chromedriver 2                      0x00000001013d3739 chromedriver 2 + 4691769\n   19  chromedriver 2                      0x00000001013e981e chromedriver 2 + 4782110\n   20  libsystem_pthread.dylib             0x00007fff555bf661 _pthread_body + 340\n   21  libsystem_pthread.dylib             0x00007fff555bf50d _pthread_body + 0\n   22  libsystem_pthread.dylib             0x00007fff555bebf9 thread_start + 13\n", "test_name": "test_2", "rerun": "0"}}, "suite_name": "src/test/test_olx.py"}}}, "date": "December 26, 2022", "start_time": 1672036037.654827, "total_suite": 1, "status": "FAIL", "status_list": {"pass": "8", "fail": "2", "skip": "0", "error": "0", "xpass": "0", "xfail": "0", "rerun": "0"}, "total_tests": "10"}