{"content": {"suites": {"0": {"status": {"total_pass": 7, "total_skip": 0, "total_xpass": 0, "total_xfail": 0, "total_rerun": 0, "total_fail": 3, "total_error": 0}, "tests": {"0": {"status": "PASS", "message": "", "test_name": "test_1", "rerun": "0"}, "1": {"status": "PASS", "message": "", "test_name": "test_2", "rerun": "0"}, "2": {"status": "PASS", "message": "", "test_name": "test_1", "rerun": "0"}, "3": {"status": "FAIL", "message": "   selenium.common.exceptions.ElementClickInterceptedException: Message: element click intercepted: Element <a data-id=\"84\" data-category-id=\"5\" href=\"https://www.olx.ro/auto-masini-moto-ambarcatiuni/autoturisme/\" class=\"link-relatedcategory cat-5 inlblk tdnone icon-link\">...</a> is not clickable at point (284, 526). Other element would receive the click: <div class=\"subcategories-list clr\" style=\"\" data-subcategory=\"5\" id=\"bottom5\">...</div>\n     (Session info: chrome=108.0.5359.124)\n   Stacktrace:\n   0   chromedriver 2                      0x000000010cdc52c8 chromedriver 2 + 4752072\n   1   chromedriver 2                      0x000000010cd45463 chromedriver 2 + 4228195\n   2   chromedriver 2                      0x000000010c9a8b18 chromedriver 2 + 441112\n   3   chromedriver 2                      0x000000010c9edc9b chromedriver 2 + 724123\n   4   chromedriver 2                      0x000000010c9eb49d chromedriver 2 + 713885\n   5   chromedriver 2                      0x000000010c9e89e4 chromedriver 2 + 702948\n   6   chromedriver 2                      0x000000010c9e773d chromedriver 2 + 698173\n   7   chromedriver 2                      0x000000010c9d9f01 chromedriver 2 + 642817\n   8   chromedriver 2                      0x000000010ca06d02 chromedriver 2 + 826626\n   9   chromedriver 2                      0x000000010c9d9685 chromedriver 2 + 640645\n   10  chromedriver 2                      0x000000010ca06e5e chromedriver 2 + 826974\n   11  chromedriver 2                      0x000000010ca1f134 chromedriver 2 + 926004\n   12  chromedriver 2                      0x000000010ca06b33 chromedriver 2 + 826163\n   13  chromedriver 2                      0x000000010c9d79fd chromedriver 2 + 633341\n   14  chromedriver 2                      0x000000010c9d9051 chromedriver 2 + 639057\n   15  chromedriver 2                      0x000000010cd9230e chromedriver 2 + 4543246\n   16  chromedriver 2                      0x000000010cd96a88 chromedriver 2 + 4561544\n   17  chromedriver 2                      0x000000010cd9e6df chromedriver 2 + 4593375\n   18  chromedriver 2                      0x000000010cd978fa chromedriver 2 + 4565242\n   19  chromedriver 2                      0x000000010cd6d2cf chromedriver 2 + 4391631\n   20  chromedriver 2                      0x000000010cdb65b8 chromedriver 2 + 4691384\n   21  chromedriver 2                      0x000000010cdb6739 chromedriver 2 + 4691769\n   22  chromedriver 2                      0x000000010cdcc81e chromedriver 2 + 4782110\n   23  libsystem_pthread.dylib             0x00007fff5d606661 _pthread_body + 340\n   24  libsystem_pthread.dylib             0x00007fff5d60650d _pthread_body + 0\n   25  libsystem_pthread.dylib             0x00007fff5d605bf9 thread_start + 13\n", "test_name": "test_2", "rerun": "0"}, "4": {"status": "PASS", "message": "", "test_name": "test_1", "rerun": "0"}, "5": {"status": "FAIL", "message": "   selenium.common.exceptions.ElementClickInterceptedException: Message: element click intercepted: Element <a data-id=\"911\" data-category-id=\"3\" href=\"https://www.olx.ro/imobiliare/case-de-vanzare/\" class=\"link-relatedcategory cat-3 inlblk tdnone icon-link\">...</a> is not clickable at point (784, 512). Other element would receive the click: <span>...</span>\n     (Session info: chrome=108.0.5359.124)\n   Stacktrace:\n   0   chromedriver 2                      0x000000010d20f2c8 chromedriver 2 + 4752072\n   1   chromedriver 2                      0x000000010d18f463 chromedriver 2 + 4228195\n   2   chromedriver 2                      0x000000010cdf2b18 chromedriver 2 + 441112\n   3   chromedriver 2                      0x000000010ce37c9b chromedriver 2 + 724123\n   4   chromedriver 2                      0x000000010ce3549d chromedriver 2 + 713885\n   5   chromedriver 2                      0x000000010ce329e4 chromedriver 2 + 702948\n   6   chromedriver 2                      0x000000010ce3173d chromedriver 2 + 698173\n   7   chromedriver 2                      0x000000010ce23f01 chromedriver 2 + 642817\n   8   chromedriver 2                      0x000000010ce50d02 chromedriver 2 + 826626\n   9   chromedriver 2                      0x000000010ce23685 chromedriver 2 + 640645\n   10  chromedriver 2                      0x000000010ce50e5e chromedriver 2 + 826974\n   11  chromedriver 2                      0x000000010ce69134 chromedriver 2 + 926004\n   12  chromedriver 2                      0x000000010ce50b33 chromedriver 2 + 826163\n   13  chromedriver 2                      0x000000010ce219fd chromedriver 2 + 633341\n   14  chromedriver 2                      0x000000010ce23051 chromedriver 2 + 639057\n   15  chromedriver 2                      0x000000010d1dc30e chromedriver 2 + 4543246\n   16  chromedriver 2                      0x000000010d1e0a88 chromedriver 2 + 4561544\n   17  chromedriver 2                      0x000000010d1e86df chromedriver 2 + 4593375\n   18  chromedriver 2                      0x000000010d1e18fa chromedriver 2 + 4565242\n   19  chromedriver 2                      0x000000010d1b72cf chromedriver 2 + 4391631\n   20  chromedriver 2                      0x000000010d2005b8 chromedriver 2 + 4691384\n   21  chromedriver 2                      0x000000010d200739 chromedriver 2 + 4691769\n   22  chromedriver 2                      0x000000010d21681e chromedriver 2 + 4782110\n   23  libsystem_pthread.dylib             0x00007fff5d606661 _pthread_body + 340\n   24  libsystem_pthread.dylib             0x00007fff5d60650d _pthread_body + 0\n   25  libsystem_pthread.dylib             0x00007fff5d605bf9 thread_start + 13\n", "test_name": "test_2", "rerun": "0"}, "6": {"status": "PASS", "message": "", "test_name": "test_1", "rerun": "0"}, "7": {"status": "PASS", "message": "", "test_name": "test_2", "rerun": "0"}, "8": {"status": "PASS", "message": "", "test_name": "test_1", "rerun": "0"}, "9": {"status": "FAIL", "message": "   selenium.common.exceptions.TimeoutException: Message: \n   Stacktrace:\n   0   chromedriver 2                      0x00000001008a92c8 chromedriver 2 + 4752072\n   1   chromedriver 2                      0x0000000100829463 chromedriver 2 + 4228195\n   2   chromedriver 2                      0x000000010048cb18 chromedriver 2 + 441112\n   3   chromedriver 2                      0x00000001004c9e21 chromedriver 2 + 691745\n   4   chromedriver 2                      0x00000001004ca061 chromedriver 2 + 692321\n   5   chromedriver 2                      0x00000001005055e4 chromedriver 2 + 935396\n   6   chromedriver 2                      0x00000001004ead2d chromedriver 2 + 826669\n   7   chromedriver 2                      0x0000000100503134 chromedriver 2 + 926004\n   8   chromedriver 2                      0x00000001004eab33 chromedriver 2 + 826163\n   9   chromedriver 2                      0x00000001004bb9fd chromedriver 2 + 633341\n   10  chromedriver 2                      0x00000001004bd051 chromedriver 2 + 639057\n   11  chromedriver 2                      0x000000010087630e chromedriver 2 + 4543246\n   12  chromedriver 2                      0x000000010087aa88 chromedriver 2 + 4561544\n   13  chromedriver 2                      0x00000001008826df chromedriver 2 + 4593375\n   14  chromedriver 2                      0x000000010087b8fa chromedriver 2 + 4565242\n   15  chromedriver 2                      0x00000001008512cf chromedriver 2 + 4391631\n   16  chromedriver 2                      0x000000010089a5b8 chromedriver 2 + 4691384\n   17  chromedriver 2                      0x000000010089a739 chromedriver 2 + 4691769\n   18  chromedriver 2                      0x00000001008b081e chromedriver 2 + 4782110\n   19  libsystem_pthread.dylib             0x00007fff5d606661 _pthread_body + 340\n   20  libsystem_pthread.dylib             0x00007fff5d60650d _pthread_body + 0\n   21  libsystem_pthread.dylib             0x00007fff5d605bf9 thread_start + 13\n               Exception: An exception of type TimeoutException occurred. With Element -: stare - locator: (xpath, //div[@title='Utilizat'])\n", "test_name": "test_2", "rerun": "0"}}, "suite_name": "src/test/test_olx.py"}}}, "date": "December 27, 2022", "start_time": 1672132944.727208, "total_suite": 1, "status": "FAIL", "status_list": {"pass": "7", "fail": "3", "skip": "0", "error": "0", "xpass": "0", "xfail": "0", "rerun": "0"}, "total_tests": "10"}