{"content": {"suites": {"0": {"status": {"total_pass": 6, "total_skip": 0, "total_xpass": 0, "total_xfail": 0, "total_rerun": 0, "total_fail": 2, "total_error": 0}, "tests": {"0": {"status": "PASS", "message": "", "test_name": "test_1", "rerun": "0"}, "1": {"status": "PASS", "message": "", "test_name": "test_2", "rerun": "0"}, "2": {"status": "PASS", "message": "", "test_name": "test_1", "rerun": "0"}, "3": {"status": "PASS", "message": "", "test_name": "test_2", "rerun": "0"}, "4": {"status": "PASS", "message": "", "test_name": "test_1", "rerun": "0"}, "5": {"status": "FAIL", "message": "   selenium.common.exceptions.ElementClickInterceptedException: Message: element click intercepted: Element <a data-id=\"911\" data-category-id=\"3\" href=\"https://www.olx.ro/imobiliare/case-de-vanzare/\" class=\"link-relatedcategory cat-3 inlblk tdnone icon-link\">...</a> is not clickable at point (784, 464). Other element would receive the click: <ul>...</ul>\n     (Session info: chrome=108.0.5359.124)\n   Stacktrace:\n   0   chromedriver 2                      0x00000001070632c8 chromedriver 2 + 4752072\n   1   chromedriver 2                      0x0000000106fe3463 chromedriver 2 + 4228195\n   2   chromedriver 2                      0x0000000106c46b18 chromedriver 2 + 441112\n   3   chromedriver 2                      0x0000000106c8bc9b chromedriver 2 + 724123\n   4   chromedriver 2                      0x0000000106c8949d chromedriver 2 + 713885\n   5   chromedriver 2                      0x0000000106c869e4 chromedriver 2 + 702948\n   6   chromedriver 2                      0x0000000106c8573d chromedriver 2 + 698173\n   7   chromedriver 2                      0x0000000106c77f01 chromedriver 2 + 642817\n   8   chromedriver 2                      0x0000000106ca4d02 chromedriver 2 + 826626\n   9   chromedriver 2                      0x0000000106c77685 chromedriver 2 + 640645\n   10  chromedriver 2                      0x0000000106ca4e5e chromedriver 2 + 826974\n   11  chromedriver 2                      0x0000000106cbd134 chromedriver 2 + 926004\n   12  chromedriver 2                      0x0000000106ca4b33 chromedriver 2 + 826163\n   13  chromedriver 2                      0x0000000106c759fd chromedriver 2 + 633341\n   14  chromedriver 2                      0x0000000106c77051 chromedriver 2 + 639057\n   15  chromedriver 2                      0x000000010703030e chromedriver 2 + 4543246\n   16  chromedriver 2                      0x0000000107034a88 chromedriver 2 + 4561544\n   17  chromedriver 2                      0x000000010703c6df chromedriver 2 + 4593375\n   18  chromedriver 2                      0x00000001070358fa chromedriver 2 + 4565242\n   19  chromedriver 2                      0x000000010700b2cf chromedriver 2 + 4391631\n   20  chromedriver 2                      0x00000001070545b8 chromedriver 2 + 4691384\n   21  chromedriver 2                      0x0000000107054739 chromedriver 2 + 4691769\n   22  chromedriver 2                      0x000000010706a81e chromedriver 2 + 4782110\n   23  libsystem_pthread.dylib             0x00007fff555bf661 _pthread_body + 340\n   24  libsystem_pthread.dylib             0x00007fff555bf50d _pthread_body + 0\n   25  libsystem_pthread.dylib             0x00007fff555bebf9 thread_start + 13\n", "test_name": "test_2", "rerun": "0"}, "6": {"status": "PASS", "message": "", "test_name": "test_1", "rerun": "0"}, "7": {"status": "FAIL", "message": "   selenium.common.exceptions.TimeoutException: Message: \n   Stacktrace:\n   0   chromedriver 2                      0x000000010bdf02c8 chromedriver 2 + 4752072\n   1   chromedriver 2                      0x000000010bd70463 chromedriver 2 + 4228195\n   2   chromedriver 2                      0x000000010b9d3b18 chromedriver 2 + 441112\n   3   chromedriver 2                      0x000000010ba10e21 chromedriver 2 + 691745\n   4   chromedriver 2                      0x000000010ba11061 chromedriver 2 + 692321\n   5   chromedriver 2                      0x000000010ba4c5e4 chromedriver 2 + 935396\n   6   chromedriver 2                      0x000000010ba31d2d chromedriver 2 + 826669\n   7   chromedriver 2                      0x000000010ba4a134 chromedriver 2 + 926004\n   8   chromedriver 2                      0x000000010ba31b33 chromedriver 2 + 826163\n   9   chromedriver 2                      0x000000010ba029fd chromedriver 2 + 633341\n   10  chromedriver 2                      0x000000010ba04051 chromedriver 2 + 639057\n   11  chromedriver 2                      0x000000010bdbd30e chromedriver 2 + 4543246\n   12  chromedriver 2                      0x000000010bdc1a88 chromedriver 2 + 4561544\n   13  chromedriver 2                      0x000000010bdc96df chromedriver 2 + 4593375\n   14  chromedriver 2                      0x000000010bdc28fa chromedriver 2 + 4565242\n   15  chromedriver 2                      0x000000010bd982cf chromedriver 2 + 4391631\n   16  chromedriver 2                      0x000000010bde15b8 chromedriver 2 + 4691384\n   17  chromedriver 2                      0x000000010bde1739 chromedriver 2 + 4691769\n   18  chromedriver 2                      0x000000010bdf781e chromedriver 2 + 4782110\n   19  libsystem_pthread.dylib             0x00007fff555bf661 _pthread_body + 340\n   20  libsystem_pthread.dylib             0x00007fff555bf50d _pthread_body + 0\n   21  libsystem_pthread.dylib             0x00007fff555bebf9 thread_start + 13\n               Exception: An exception of type TimeoutException occurred. With Element -: alegelocatie - locator: (xpath, //input[@id='cityfield'])\n", "test_name": "test_2", "rerun": "0"}}, "suite_name": "src/test/test_olx.py"}}}, "date": "December 24, 2022", "start_time": 1671867561.0512671, "total_suite": 1, "status": "FAIL", "status_list": {"pass": "6", "fail": "2", "skip": "0", "error": "0", "xpass": "0", "xfail": "0", "rerun": "0"}, "total_tests": "8"}