{"content": {"suites": {"0": {"status": {"total_pass": 8, "total_skip": 0, "total_xpass": 0, "total_xfail": 0, "total_rerun": 0, "total_fail": 2, "total_error": 0}, "tests": {"0": {"status": "PASS", "message": "", "test_name": "test_1", "rerun": "0"}, "1": {"status": "PASS", "message": "", "test_name": "test_2", "rerun": "0"}, "2": {"status": "PASS", "message": "", "test_name": "test_1", "rerun": "0"}, "3": {"status": "FAIL", "message": "   selenium.common.exceptions.ElementClickInterceptedException: Message: element click intercepted: Element <a data-id=\"84\" data-category-id=\"5\" href=\"https://www.olx.ro/auto-masini-moto-ambarcatiuni/autoturisme/\" class=\"link-relatedcategory cat-5 inlblk tdnone icon-link\">...</a> is not clickable at point (284, 513). Other element would receive the click: <ul>...</ul>\n     (Session info: chrome=108.0.5359.124)\n   Stacktrace:\n   0   chromedriver 2                      0x000000010b05b2c8 chromedriver 2 + 4752072\n   1   chromedriver 2                      0x000000010afdb463 chromedriver 2 + 4228195\n   2   chromedriver 2                      0x000000010ac3eb18 chromedriver 2 + 441112\n   3   chromedriver 2                      0x000000010ac83c9b chromedriver 2 + 724123\n   4   chromedriver 2                      0x000000010ac8149d chromedriver 2 + 713885\n   5   chromedriver 2                      0x000000010ac7e9e4 chromedriver 2 + 702948\n   6   chromedriver 2                      0x000000010ac7d73d chromedriver 2 + 698173\n   7   chromedriver 2                      0x000000010ac6ff01 chromedriver 2 + 642817\n   8   chromedriver 2                      0x000000010ac9cd02 chromedriver 2 + 826626\n   9   chromedriver 2                      0x000000010ac6f685 chromedriver 2 + 640645\n   10  chromedriver 2                      0x000000010ac9ce5e chromedriver 2 + 826974\n   11  chromedriver 2                      0x000000010acb5134 chromedriver 2 + 926004\n   12  chromedriver 2                      0x000000010ac9cb33 chromedriver 2 + 826163\n   13  chromedriver 2                      0x000000010ac6d9fd chromedriver 2 + 633341\n   14  chromedriver 2                      0x000000010ac6f051 chromedriver 2 + 639057\n   15  chromedriver 2                      0x000000010b02830e chromedriver 2 + 4543246\n   16  chromedriver 2                      0x000000010b02ca88 chromedriver 2 + 4561544\n   17  chromedriver 2                      0x000000010b0346df chromedriver 2 + 4593375\n   18  chromedriver 2                      0x000000010b02d8fa chromedriver 2 + 4565242\n   19  chromedriver 2                      0x000000010b0032cf chromedriver 2 + 4391631\n   20  chromedriver 2                      0x000000010b04c5b8 chromedriver 2 + 4691384\n   21  chromedriver 2                      0x000000010b04c739 chromedriver 2 + 4691769\n   22  chromedriver 2                      0x000000010b06281e chromedriver 2 + 4782110\n   23  libsystem_pthread.dylib             0x00007fff555bf661 _pthread_body + 340\n   24  libsystem_pthread.dylib             0x00007fff555bf50d _pthread_body + 0\n   25  libsystem_pthread.dylib             0x00007fff555bebf9 thread_start + 13\n", "test_name": "test_2", "rerun": "0"}, "4": {"status": "PASS", "message": "", "test_name": "test_1", "rerun": "0"}, "5": {"status": "PASS", "message": "", "test_name": "test_2", "rerun": "0"}, "6": {"status": "PASS", "message": "", "test_name": "test_1", "rerun": "0"}, "7": {"status": "PASS", "message": "", "test_name": "test_2", "rerun": "0"}, "8": {"status": "PASS", "message": "", "test_name": "test_1", "rerun": "0"}, "9": {"status": "FAIL", "message": "   selenium.common.exceptions.TimeoutException: Message: \n   Stacktrace:\n   0   chromedriver 2                      0x0000000102f452c8 chromedriver 2 + 4752072\n   1   chromedriver 2                      0x0000000102ec5463 chromedriver 2 + 4228195\n   2   chromedriver 2                      0x0000000102b28b18 chromedriver 2 + 441112\n   3   chromedriver 2                      0x0000000102b65e21 chromedriver 2 + 691745\n   4   chromedriver 2                      0x0000000102b66061 chromedriver 2 + 692321\n   5   chromedriver 2                      0x0000000102ba15e4 chromedriver 2 + 935396\n   6   chromedriver 2                      0x0000000102b86d2d chromedriver 2 + 826669\n   7   chromedriver 2                      0x0000000102b9f134 chromedriver 2 + 926004\n   8   chromedriver 2                      0x0000000102b86b33 chromedriver 2 + 826163\n   9   chromedriver 2                      0x0000000102b579fd chromedriver 2 + 633341\n   10  chromedriver 2                      0x0000000102b59051 chromedriver 2 + 639057\n   11  chromedriver 2                      0x0000000102f1230e chromedriver 2 + 4543246\n   12  chromedriver 2                      0x0000000102f16a88 chromedriver 2 + 4561544\n   13  chromedriver 2                      0x0000000102f1e6df chromedriver 2 + 4593375\n   14  chromedriver 2                      0x0000000102f178fa chromedriver 2 + 4565242\n   15  chromedriver 2                      0x0000000102eed2cf chromedriver 2 + 4391631\n   16  chromedriver 2                      0x0000000102f365b8 chromedriver 2 + 4691384\n   17  chromedriver 2                      0x0000000102f36739 chromedriver 2 + 4691769\n   18  chromedriver 2                      0x0000000102f4c81e chromedriver 2 + 4782110\n   19  libsystem_pthread.dylib             0x00007fff555bf661 _pthread_body + 340\n   20  libsystem_pthread.dylib             0x00007fff555bf50d _pthread_body + 0\n   21  libsystem_pthread.dylib             0x00007fff555bebf9 thread_start + 13\n               Exception: An exception of type TimeoutException occurred. With Element -: pretiphone - locator: (xpath, //div[@class='css-1sqb0rb']/input)\n", "test_name": "test_2", "rerun": "0"}}, "suite_name": "src/test/test_olx.py"}}}, "date": "December 26, 2022", "start_time": 1672046085.699741, "total_suite": 1, "status": "FAIL", "status_list": {"pass": "8", "fail": "2", "skip": "0", "error": "0", "xpass": "0", "xfail": "0", "rerun": "0"}, "total_tests": "10"}