{"content": {"suites": {"0": {"status": {"total_pass": 8, "total_skip": 0, "total_xpass": 0, "total_xfail": 0, "total_rerun": 0, "total_fail": 2, "total_error": 0}, "tests": {"0": {"status": "PASS", "message": "", "test_name": "test_1", "rerun": "0"}, "1": {"status": "PASS", "message": "", "test_name": "test_2", "rerun": "0"}, "2": {"status": "PASS", "message": "", "test_name": "test_1", "rerun": "0"}, "3": {"status": "PASS", "message": "", "test_name": "test_2", "rerun": "0"}, "4": {"status": "PASS", "message": "", "test_name": "test_1", "rerun": "0"}, "5": {"status": "FAIL", "message": "   selenium.common.exceptions.TimeoutException: Message: \n   Stacktrace:\n   0   chromedriver 2                      0x00000001067352c8 chromedriver 2 + 4752072\n   1   chromedriver 2                      0x00000001066b5463 chromedriver 2 + 4228195\n   2   chromedriver 2                      0x0000000106318b18 chromedriver 2 + 441112\n   3   chromedriver 2                      0x0000000106355e21 chromedriver 2 + 691745\n   4   chromedriver 2                      0x0000000106356061 chromedriver 2 + 692321\n   5   chromedriver 2                      0x00000001063915e4 chromedriver 2 + 935396\n   6   chromedriver 2                      0x0000000106376d2d chromedriver 2 + 826669\n   7   chromedriver 2                      0x000000010638f134 chromedriver 2 + 926004\n   8   chromedriver 2                      0x0000000106376b33 chromedriver 2 + 826163\n   9   chromedriver 2                      0x00000001063479fd chromedriver 2 + 633341\n   10  chromedriver 2                      0x0000000106349051 chromedriver 2 + 639057\n   11  chromedriver 2                      0x000000010670230e chromedriver 2 + 4543246\n   12  chromedriver 2                      0x0000000106706a88 chromedriver 2 + 4561544\n   13  chromedriver 2                      0x000000010670e6df chromedriver 2 + 4593375\n   14  chromedriver 2                      0x00000001067078fa chromedriver 2 + 4565242\n   15  chromedriver 2                      0x00000001066dd2cf chromedriver 2 + 4391631\n   16  chromedriver 2                      0x00000001067265b8 chromedriver 2 + 4691384\n   17  chromedriver 2                      0x0000000106726739 chromedriver 2 + 4691769\n   18  chromedriver 2                      0x000000010673c81e chromedriver 2 + 4782110\n   19  libsystem_pthread.dylib             0x00007fff555bf661 _pthread_body + 340\n   20  libsystem_pthread.dylib             0x00007fff555bf50d _pthread_body + 0\n   21  libsystem_pthread.dylib             0x00007fff555bebf9 thread_start + 13\n               Exception: An exception of type TimeoutException occurred. With Element -: dropdowncamere - locator: (xpath, //div[@data-testid='dropdown-head'])\n", "test_name": "test_2", "rerun": "0"}, "6": {"status": "PASS", "message": "", "test_name": "test_1", "rerun": "0"}, "7": {"status": "PASS", "message": "", "test_name": "test_2", "rerun": "0"}, "8": {"status": "PASS", "message": "", "test_name": "test_1", "rerun": "0"}, "9": {"status": "FAIL", "message": "   selenium.common.exceptions.TimeoutException: Message: \n   Stacktrace:\n   0   chromedriver 2                      0x00000001029822c8 chromedriver 2 + 4752072\n   1   chromedriver 2                      0x0000000102902463 chromedriver 2 + 4228195\n   2   chromedriver 2                      0x0000000102565b18 chromedriver 2 + 441112\n   3   chromedriver 2                      0x00000001025a2e21 chromedriver 2 + 691745\n   4   chromedriver 2                      0x00000001025a3061 chromedriver 2 + 692321\n   5   chromedriver 2                      0x00000001025de5e4 chromedriver 2 + 935396\n   6   chromedriver 2                      0x00000001025c3d2d chromedriver 2 + 826669\n   7   chromedriver 2                      0x00000001025dc134 chromedriver 2 + 926004\n   8   chromedriver 2                      0x00000001025c3b33 chromedriver 2 + 826163\n   9   chromedriver 2                      0x00000001025949fd chromedriver 2 + 633341\n   10  chromedriver 2                      0x0000000102596051 chromedriver 2 + 639057\n   11  chromedriver 2                      0x000000010294f30e chromedriver 2 + 4543246\n   12  chromedriver 2                      0x0000000102953a88 chromedriver 2 + 4561544\n   13  chromedriver 2                      0x000000010295b6df chromedriver 2 + 4593375\n   14  chromedriver 2                      0x00000001029548fa chromedriver 2 + 4565242\n   15  chromedriver 2                      0x000000010292a2cf chromedriver 2 + 4391631\n   16  chromedriver 2                      0x00000001029735b8 chromedriver 2 + 4691384\n   17  chromedriver 2                      0x0000000102973739 chromedriver 2 + 4691769\n   18  chromedriver 2                      0x000000010298981e chromedriver 2 + 4782110\n   19  libsystem_pthread.dylib             0x00007fff555bf661 _pthread_body + 340\n   20  libsystem_pthread.dylib             0x00007fff555bf50d _pthread_body + 0\n   21  libsystem_pthread.dylib             0x00007fff555bebf9 thread_start + 13\n               Exception: An exception of type TimeoutException occurred. With Element -: stare - locator: (xpath, //div[@title='Utilizat'])\n", "test_name": "test_2", "rerun": "0"}}, "suite_name": "src/test/test_olx.py"}}}, "date": "December 26, 2022", "start_time": 1672064686.2286289, "total_suite": 1, "status": "FAIL", "status_list": {"pass": "8", "fail": "2", "skip": "0", "error": "0", "xpass": "0", "xfail": "0", "rerun": "0"}, "total_tests": "10"}